mode: set
github.com/opensearch-project/terraform-provider-opensearch/provider/aws_signer_v2.go:16.62,21.19 3 0
github.com/opensearch-project/terraform-provider-opensearch/provider/aws_signer_v2.go:21.19,23.3 1 0
github.com/opensearch-project/terraform-provider-opensearch/provider/aws_signer_v2.go:26.2,29.26 2 0
github.com/opensearch-project/terraform-provider-opensearch/provider/aws_signer_v2.go:29.26,31.3 1 0
github.com/opensearch-project/terraform-provider-opensearch/provider/aws_signer_v2.go:38.2,38.31 1 0
github.com/opensearch-project/terraform-provider-opensearch/provider/aws_signer_v2.go:38.31,46.3 2 0
github.com/opensearch-project/terraform-provider-opensearch/provider/aws_signer_v2.go:46.8,46.40 1 0
github.com/opensearch-project/terraform-provider-opensearch/provider/aws_signer_v2.go:46.40,49.17 2 0
github.com/opensearch-project/terraform-provider-opensearch/provider/aws_signer_v2.go:49.17,51.4 1 0
github.com/opensearch-project/terraform-provider-opensearch/provider/aws_signer_v2.go:54.3,58.41 3 0
github.com/opensearch-project/terraform-provider-opensearch/provider/aws_signer_v2.go:58.41,59.80 1 0
github.com/opensearch-project/terraform-provider-opensearch/provider/aws_signer_v2.go:59.80,61.5 1 0
github.com/opensearch-project/terraform-provider-opensearch/provider/aws_signer_v2.go:64.3,65.61 2 0
github.com/opensearch-project/terraform-provider-opensearch/provider/aws_signer_v2.go:66.8,66.34 1 0
github.com/opensearch-project/terraform-provider-opensearch/provider/aws_signer_v2.go:66.34,69.3 1 0
github.com/opensearch-project/terraform-provider-opensearch/provider/aws_signer_v2.go:73.2,74.16 2 0
github.com/opensearch-project/terraform-provider-opensearch/provider/aws_signer_v2.go:74.16,76.3 1 0
github.com/opensearch-project/terraform-provider-opensearch/provider/aws_signer_v2.go:79.2,80.23 2 0
github.com/opensearch-project/terraform-provider-opensearch/provider/aws_signer_v2.go:80.23,83.3 1 0
github.com/opensearch-project/terraform-provider-opensearch/provider/aws_signer_v2.go:83.8,86.3 1 0
github.com/opensearch-project/terraform-provider-opensearch/provider/aws_signer_v2.go:88.2,88.16 1 0
github.com/opensearch-project/terraform-provider-opensearch/provider/aws_signer_v2.go:88.16,90.3 1 0
github.com/opensearch-project/terraform-provider-opensearch/provider/aws_signer_v2.go:92.2,92.20 1 0
github.com/opensearch-project/terraform-provider-opensearch/provider/client.go:21.73,34.53 3 1
github.com/opensearch-project/terraform-provider-opensearch/provider/client.go:34.53,36.17 2 0
github.com/opensearch-project/terraform-provider-opensearch/provider/client.go:36.17,38.4 1 0
github.com/opensearch-project/terraform-provider-opensearch/provider/client.go:39.3,40.17 2 0
github.com/opensearch-project/terraform-provider-opensearch/provider/client.go:40.17,42.4 1 0
github.com/opensearch-project/terraform-provider-opensearch/provider/client.go:43.3,44.17 2 0
github.com/opensearch-project/terraform-provider-opensearch/provider/client.go:44.17,46.4 1 0
github.com/opensearch-project/terraform-provider-opensearch/provider/client.go:47.3,47.67 1 0
github.com/opensearch-project/terraform-provider-opensearch/provider/client.go:51.2,51.27 1 1
github.com/opensearch-project/terraform-provider-opensearch/provider/client.go:51.27,53.17 2 0
github.com/opensearch-project/terraform-provider-opensearch/provider/client.go:53.17,55.4 1 0
github.com/opensearch-project/terraform-provider-opensearch/provider/client.go:56.3,57.17 2 0
github.com/opensearch-project/terraform-provider-opensearch/provider/client.go:57.17,59.4 1 0
github.com/opensearch-project/terraform-provider-opensearch/provider/client.go:60.3,61.49 2 0
github.com/opensearch-project/terraform-provider-opensearch/provider/client.go:65.2,65.29 1 1
github.com/opensearch-project/terraform-provider-opensearch/provider/client.go:65.29,67.3 1 0
github.com/opensearch-project/terraform-provider-opensearch/provider/client.go:70.2,70.22 1 1
github.com/opensearch-project/terraform-provider-opensearch/provider/client.go:70.22,72.17 2 0
github.com/opensearch-project/terraform-provider-opensearch/provider/client.go:72.17,74.4 1 0
github.com/opensearch-project/terraform-provider-opensearch/provider/client.go:75.3,75.44 1 0
github.com/opensearch-project/terraform-provider-opensearch/provider/client.go:79.2,79.57 1 1
github.com/opensearch-project/terraform-provider-opensearch/provider/client.go:79.57,82.43 3 1
github.com/opensearch-project/terraform-provider-opensearch/provider/client.go:82.43,85.4 2 1
github.com/opensearch-project/terraform-provider-opensearch/provider/client.go:89.2,89.48 1 1
github.com/opensearch-project/terraform-provider-opensearch/provider/client.go:89.48,92.3 2 1
github.com/opensearch-project/terraform-provider-opensearch/provider/client.go:95.2,99.27 4 1
github.com/opensearch-project/terraform-provider-opensearch/provider/client.go:99.27,100.104 1 1
github.com/opensearch-project/terraform-provider-opensearch/provider/client.go:100.104,102.23 1 0
github.com/opensearch-project/terraform-provider-opensearch/provider/client.go:102.23,104.5 1 0
github.com/opensearch-project/terraform-provider-opensearch/provider/client.go:105.4,105.78 1 0
github.com/opensearch-project/terraform-provider-opensearch/provider/client.go:106.9,106.192 1 1
github.com/opensearch-project/terraform-provider-opensearch/provider/client.go:106.192,109.35 2 0
github.com/opensearch-project/terraform-provider-opensearch/provider/client.go:109.35,111.5 1 0
github.com/opensearch-project/terraform-provider-opensearch/provider/client.go:111.10,111.30 1 0
github.com/opensearch-project/terraform-provider-opensearch/provider/client.go:111.30,113.5 1 0
github.com/opensearch-project/terraform-provider-opensearch/provider/client.go:114.4,114.81 1 0
github.com/opensearch-project/terraform-provider-opensearch/provider/client.go:115.9,115.53 1 1
github.com/opensearch-project/terraform-provider-opensearch/provider/client.go:115.53,118.4 1 0
github.com/opensearch-project/terraform-provider-opensearch/provider/client.go:118.9,118.30 1 1
github.com/opensearch-project/terraform-provider-opensearch/provider/client.go:118.30,121.4 1 1
github.com/opensearch-project/terraform-provider-opensearch/provider/client.go:125.2,125.40 1 1
github.com/opensearch-project/terraform-provider-opensearch/provider/client.go:125.40,138.17 8 0
github.com/opensearch-project/terraform-provider-opensearch/provider/client.go:138.17,140.4 1 0
github.com/opensearch-project/terraform-provider-opensearch/provider/client.go:141.3,145.27 2 0
github.com/opensearch-project/terraform-provider-opensearch/provider/client.go:145.27,147.28 2 0
github.com/opensearch-project/terraform-provider-opensearch/provider/client.go:147.28,149.5 1 0
github.com/opensearch-project/terraform-provider-opensearch/provider/client.go:154.2,154.69 1 1
github.com/opensearch-project/terraform-provider-opensearch/provider/client.go:154.69,162.3 1 0
github.com/opensearch-project/terraform-provider-opensearch/provider/client.go:162.8,162.36 1 1
github.com/opensearch-project/terraform-provider-opensearch/provider/client.go:162.36,168.3 1 0
github.com/opensearch-project/terraform-provider-opensearch/provider/client.go:168.8,170.3 1 1
github.com/opensearch-project/terraform-provider-opensearch/provider/client.go:173.2,176.16 2 1
github.com/opensearch-project/terraform-provider-opensearch/provider/client.go:176.16,178.3 1 0
github.com/opensearch-project/terraform-provider-opensearch/provider/client.go:180.2,183.8 1 1
github.com/opensearch-project/terraform-provider-opensearch/provider/client.go:194.79,196.26 2 0
github.com/opensearch-project/terraform-provider-opensearch/provider/client.go:196.26,198.3 1 0
github.com/opensearch-project/terraform-provider-opensearch/provider/client.go:199.2,199.30 1 0
github.com/opensearch-project/terraform-provider-opensearch/provider/client.go:208.86,209.26 1 0
github.com/opensearch-project/terraform-provider-opensearch/provider/client.go:209.26,211.3 1 0
github.com/opensearch-project/terraform-provider-opensearch/provider/client.go:212.2,212.30 1 0
github.com/opensearch-project/terraform-provider-opensearch/provider/data_source_opensearch_host.go:7.50,25.2 1 1
github.com/opensearch-project/terraform-provider-opensearch/provider/data_source_opensearch_host.go:27.80,34.2 4 1
github.com/opensearch-project/terraform-provider-opensearch/provider/diff_suppress_funcs.go:10.81,12.57 2 1
github.com/opensearch-project/terraform-provider-opensearch/provider/diff_suppress_funcs.go:12.57,14.3 1 1
github.com/opensearch-project/terraform-provider-opensearch/provider/diff_suppress_funcs.go:15.2,15.57 1 1
github.com/opensearch-project/terraform-provider-opensearch/provider/diff_suppress_funcs.go:15.57,17.3 1 0
github.com/opensearch-project/terraform-provider-opensearch/provider/diff_suppress_funcs.go:19.2,19.47 1 1
github.com/opensearch-project/terraform-provider-opensearch/provider/diff_suppress_funcs.go:19.47,21.3 1 1
github.com/opensearch-project/terraform-provider-opensearch/provider/diff_suppress_funcs.go:23.2,23.47 1 1
github.com/opensearch-project/terraform-provider-opensearch/provider/diff_suppress_funcs.go:23.47,25.3 1 1
github.com/opensearch-project/terraform-provider-opensearch/provider/diff_suppress_funcs.go:27.2,27.34 1 1
github.com/opensearch-project/terraform-provider-opensearch/provider/diff_suppress_funcs.go:34.91,36.57 2 1
github.com/opensearch-project/terraform-provider-opensearch/provider/diff_suppress_funcs.go:36.57,38.3 1 1
github.com/opensearch-project/terraform-provider-opensearch/provider/diff_suppress_funcs.go:39.2,39.57 1 1
github.com/opensearch-project/terraform-provider-opensearch/provider/diff_suppress_funcs.go:39.57,41.3 1 0
github.com/opensearch-project/terraform-provider-opensearch/provider/diff_suppress_funcs.go:43.2,43.47 1 1
github.com/opensearch-project/terraform-provider-opensearch/provider/diff_suppress_funcs.go:43.47,45.3 1 1
github.com/opensearch-project/terraform-provider-opensearch/provider/diff_suppress_funcs.go:47.2,47.47 1 1
github.com/opensearch-project/terraform-provider-opensearch/provider/diff_suppress_funcs.go:47.47,49.3 1 1
github.com/opensearch-project/terraform-provider-opensearch/provider/diff_suppress_funcs.go:51.2,51.34 1 1
github.com/opensearch-project/terraform-provider-opensearch/provider/diff_suppress_funcs.go:54.85,56.57 2 1
github.com/opensearch-project/terraform-provider-opensearch/provider/diff_suppress_funcs.go:56.57,58.3 1 1
github.com/opensearch-project/terraform-provider-opensearch/provider/diff_suppress_funcs.go:59.2,59.57 1 1
github.com/opensearch-project/terraform-provider-opensearch/provider/diff_suppress_funcs.go:59.57,61.3 1 0
github.com/opensearch-project/terraform-provider-opensearch/provider/diff_suppress_funcs.go:63.2,63.47 1 1
github.com/opensearch-project/terraform-provider-opensearch/provider/diff_suppress_funcs.go:63.47,65.3 1 1
github.com/opensearch-project/terraform-provider-opensearch/provider/diff_suppress_funcs.go:67.2,67.47 1 1
github.com/opensearch-project/terraform-provider-opensearch/provider/diff_suppress_funcs.go:67.47,69.3 1 1
github.com/opensearch-project/terraform-provider-opensearch/provider/diff_suppress_funcs.go:71.2,71.34 1 1
github.com/opensearch-project/terraform-provider-opensearch/provider/diff_suppress_funcs.go:74.75,76.57 2 1
github.com/opensearch-project/terraform-provider-opensearch/provider/diff_suppress_funcs.go:76.57,78.3 1 1
github.com/opensearch-project/terraform-provider-opensearch/provider/diff_suppress_funcs.go:79.2,79.57 1 1
github.com/opensearch-project/terraform-provider-opensearch/provider/diff_suppress_funcs.go:79.57,81.3 1 0
github.com/opensearch-project/terraform-provider-opensearch/provider/diff_suppress_funcs.go:83.2,83.47 1 1
github.com/opensearch-project/terraform-provider-opensearch/provider/diff_suppress_funcs.go:83.47,85.3 1 1
github.com/opensearch-project/terraform-provider-opensearch/provider/diff_suppress_funcs.go:87.2,87.47 1 1
github.com/opensearch-project/terraform-provider-opensearch/provider/diff_suppress_funcs.go:87.47,89.3 1 1
github.com/opensearch-project/terraform-provider-opensearch/provider/diff_suppress_funcs.go:91.2,91.34 1 1
github.com/opensearch-project/terraform-provider-opensearch/provider/diff_suppress_funcs.go:94.88,96.57 2 1
github.com/opensearch-project/terraform-provider-opensearch/provider/diff_suppress_funcs.go:96.57,98.3 1 1
github.com/opensearch-project/terraform-provider-opensearch/provider/diff_suppress_funcs.go:99.2,99.57 1 1
github.com/opensearch-project/terraform-provider-opensearch/provider/diff_suppress_funcs.go:99.57,101.3 1 1
github.com/opensearch-project/terraform-provider-opensearch/provider/diff_suppress_funcs.go:103.2,103.47 1 1
github.com/opensearch-project/terraform-provider-opensearch/provider/diff_suppress_funcs.go:103.47,105.3 1 1
github.com/opensearch-project/terraform-provider-opensearch/provider/diff_suppress_funcs.go:107.2,107.47 1 1
github.com/opensearch-project/terraform-provider-opensearch/provider/diff_suppress_funcs.go:107.47,109.3 1 1
github.com/opensearch-project/terraform-provider-opensearch/provider/diff_suppress_funcs.go:111.2,111.34 1 1
github.com/opensearch-project/terraform-provider-opensearch/provider/diff_suppress_funcs.go:114.82,116.57 2 1
github.com/opensearch-project/terraform-provider-opensearch/provider/diff_suppress_funcs.go:116.57,118.3 1 1
github.com/opensearch-project/terraform-provider-opensearch/provider/diff_suppress_funcs.go:119.2,119.57 1 1
github.com/opensearch-project/terraform-provider-opensearch/provider/diff_suppress_funcs.go:119.57,121.3 1 0
github.com/opensearch-project/terraform-provider-opensearch/provider/diff_suppress_funcs.go:123.2,123.34 1 1
github.com/opensearch-project/terraform-provider-opensearch/provider/diff_suppress_funcs.go:126.74,128.57 2 1
github.com/opensearch-project/terraform-provider-opensearch/provider/diff_suppress_funcs.go:128.57,130.3 1 1
github.com/opensearch-project/terraform-provider-opensearch/provider/diff_suppress_funcs.go:131.2,131.57 1 1
github.com/opensearch-project/terraform-provider-opensearch/provider/diff_suppress_funcs.go:131.57,133.3 1 0
github.com/opensearch-project/terraform-provider-opensearch/provider/diff_suppress_funcs.go:135.2,135.47 1 1
github.com/opensearch-project/terraform-provider-opensearch/provider/diff_suppress_funcs.go:135.47,137.3 1 1
github.com/opensearch-project/terraform-provider-opensearch/provider/diff_suppress_funcs.go:139.2,139.47 1 1
github.com/opensearch-project/terraform-provider-opensearch/provider/diff_suppress_funcs.go:139.47,141.3 1 1
github.com/opensearch-project/terraform-provider-opensearch/provider/diff_suppress_funcs.go:143.2,143.34 1 1
github.com/opensearch-project/terraform-provider-opensearch/provider/diff_suppress_funcs.go:146.84,148.57 2 1
github.com/opensearch-project/terraform-provider-opensearch/provider/diff_suppress_funcs.go:148.57,150.3 1 1
github.com/opensearch-project/terraform-provider-opensearch/provider/diff_suppress_funcs.go:151.2,151.57 1 1
github.com/opensearch-project/terraform-provider-opensearch/provider/diff_suppress_funcs.go:151.57,153.3 1 0
github.com/opensearch-project/terraform-provider-opensearch/provider/diff_suppress_funcs.go:155.2,155.47 1 1
github.com/opensearch-project/terraform-provider-opensearch/provider/diff_suppress_funcs.go:155.47,157.3 1 1
github.com/opensearch-project/terraform-provider-opensearch/provider/diff_suppress_funcs.go:159.2,159.47 1 1
github.com/opensearch-project/terraform-provider-opensearch/provider/diff_suppress_funcs.go:159.47,161.3 1 1
github.com/opensearch-project/terraform-provider-opensearch/provider/diff_suppress_funcs.go:163.2,163.34 1 1
github.com/opensearch-project/terraform-provider-opensearch/provider/diff_suppress_utils.go:9.59,15.2 5 1
github.com/opensearch-project/terraform-provider-opensearch/provider/diff_suppress_utils.go:18.41,19.28 1 0
github.com/opensearch-project/terraform-provider-opensearch/provider/diff_suppress_utils.go:19.28,20.49 1 0
github.com/opensearch-project/terraform-provider-opensearch/provider/diff_suppress_utils.go:20.49,22.4 1 0
github.com/opensearch-project/terraform-provider-opensearch/provider/diff_suppress_utils.go:29.87,31.57 2 0
github.com/opensearch-project/terraform-provider-opensearch/provider/diff_suppress_utils.go:31.57,33.3 1 0
github.com/opensearch-project/terraform-provider-opensearch/provider/diff_suppress_utils.go:34.2,34.57 1 0
github.com/opensearch-project/terraform-provider-opensearch/provider/diff_suppress_utils.go:34.57,36.3 1 0
github.com/opensearch-project/terraform-provider-opensearch/provider/diff_suppress_utils.go:38.2,38.47 1 0
github.com/opensearch-project/terraform-provider-opensearch/provider/diff_suppress_utils.go:38.47,40.3 1 0
github.com/opensearch-project/terraform-provider-opensearch/provider/diff_suppress_utils.go:41.2,41.47 1 0
github.com/opensearch-project/terraform-provider-opensearch/provider/diff_suppress_utils.go:41.47,43.3 1 0
github.com/opensearch-project/terraform-provider-opensearch/provider/diff_suppress_utils.go:45.2,45.34 1 0
github.com/opensearch-project/terraform-provider-opensearch/provider/diff_suppress_utils.go:50.59,51.18 1 1
github.com/opensearch-project/terraform-provider-opensearch/provider/diff_suppress_utils.go:51.18,53.3 1 0
github.com/opensearch-project/terraform-provider-opensearch/provider/diff_suppress_utils.go:56.2,56.65 1 1
github.com/opensearch-project/terraform-provider-opensearch/provider/diff_suppress_utils.go:56.65,57.33 1 1
github.com/opensearch-project/terraform-provider-opensearch/provider/diff_suppress_utils.go:57.33,59.4 1 1
github.com/opensearch-project/terraform-provider-opensearch/provider/diff_suppress_utils.go:62.2,62.37 1 1
github.com/opensearch-project/terraform-provider-opensearch/provider/diff_suppress_utils.go:62.37,64.63 1 1
github.com/opensearch-project/terraform-provider-opensearch/provider/diff_suppress_utils.go:64.63,66.4 1 1
github.com/opensearch-project/terraform-provider-opensearch/provider/diff_suppress_utils.go:66.9,66.62 1 0
github.com/opensearch-project/terraform-provider-opensearch/provider/diff_suppress_utils.go:66.62,68.4 1 0
github.com/opensearch-project/terraform-provider-opensearch/provider/diff_suppress_utils.go:72.2,72.79 1 1
github.com/opensearch-project/terraform-provider-opensearch/provider/diff_suppress_utils.go:72.79,73.35 1 1
github.com/opensearch-project/terraform-provider-opensearch/provider/diff_suppress_utils.go:73.35,74.30 1 1
github.com/opensearch-project/terraform-provider-opensearch/provider/diff_suppress_utils.go:75.32,76.30 1 1
github.com/opensearch-project/terraform-provider-opensearch/provider/diff_suppress_utils.go:77.23,78.28 1 1
github.com/opensearch-project/terraform-provider-opensearch/provider/diff_suppress_utils.go:78.28,79.58 1 1
github.com/opensearch-project/terraform-provider-opensearch/provider/diff_suppress_utils.go:79.58,81.7 1 1
github.com/opensearch-project/terraform-provider-opensearch/provider/diff_suppress_utils.go:88.2,88.67 1 1
github.com/opensearch-project/terraform-provider-opensearch/provider/diff_suppress_utils.go:88.67,89.41 1 1
github.com/opensearch-project/terraform-provider-opensearch/provider/diff_suppress_utils.go:89.41,90.63 1 1
github.com/opensearch-project/terraform-provider-opensearch/provider/diff_suppress_utils.go:90.63,91.43 1 1
github.com/opensearch-project/terraform-provider-opensearch/provider/diff_suppress_utils.go:91.43,92.66 1 1
github.com/opensearch-project/terraform-provider-opensearch/provider/diff_suppress_utils.go:92.66,94.7 1 1
github.com/opensearch-project/terraform-provider-opensearch/provider/diff_suppress_utils.go:94.12,94.65 1 0
github.com/opensearch-project/terraform-provider-opensearch/provider/diff_suppress_utils.go:94.65,96.7 1 0
github.com/opensearch-project/terraform-provider-opensearch/provider/diff_suppress_utils.go:105.51,106.31 1 1
github.com/opensearch-project/terraform-provider-opensearch/provider/diff_suppress_utils.go:106.31,107.57 1 1
github.com/opensearch-project/terraform-provider-opensearch/provider/diff_suppress_utils.go:107.57,108.69 1 1
github.com/opensearch-project/terraform-provider-opensearch/provider/diff_suppress_utils.go:108.69,109.66 1 1
github.com/opensearch-project/terraform-provider-opensearch/provider/diff_suppress_utils.go:109.66,112.55 2 1
github.com/opensearch-project/terraform-provider-opensearch/provider/diff_suppress_utils.go:112.55,113.86 1 1
github.com/opensearch-project/terraform-provider-opensearch/provider/diff_suppress_utils.go:113.86,115.8 1 1
github.com/opensearch-project/terraform-provider-opensearch/provider/migration_utils.go:18.56,19.16 1 0
github.com/opensearch-project/terraform-provider-opensearch/provider/migration_utils.go:19.16,21.3 1 0
github.com/opensearch-project/terraform-provider-opensearch/provider/migration_utils.go:24.2,25.78 2 0
github.com/opensearch-project/terraform-provider-opensearch/provider/migration_utils.go:25.78,27.3 1 0
github.com/opensearch-project/terraform-provider-opensearch/provider/migration_utils.go:28.2,28.37 1 0
github.com/opensearch-project/terraform-provider-opensearch/provider/migration_utils.go:28.37,30.3 1 0
github.com/opensearch-project/terraform-provider-opensearch/provider/migration_utils.go:31.2,31.37 1 0
github.com/opensearch-project/terraform-provider-opensearch/provider/migration_utils.go:31.37,33.3 1 0
github.com/opensearch-project/terraform-provider-opensearch/provider/migration_utils.go:34.2,34.37 1 0
github.com/opensearch-project/terraform-provider-opensearch/provider/migration_utils.go:34.37,36.3 1 0
github.com/opensearch-project/terraform-provider-opensearch/provider/migration_utils.go:38.2,38.59 1 0
github.com/opensearch-project/terraform-provider-opensearch/provider/migration_utils.go:43.33,44.16 1 1
github.com/opensearch-project/terraform-provider-opensearch/provider/migration_utils.go:44.16,46.3 1 1
github.com/opensearch-project/terraform-provider-opensearch/provider/migration_utils.go:47.2,52.87 2 1
github.com/opensearch-project/terraform-provider-opensearch/provider/migration_utils.go:57.33,58.16 1 0
github.com/opensearch-project/terraform-provider-opensearch/provider/migration_utils.go:58.16,60.3 1 0
github.com/opensearch-project/terraform-provider-opensearch/provider/migration_utils.go:61.2,64.39 2 0
github.com/opensearch-project/terraform-provider-opensearch/provider/migration_utils.go:68.58,69.29 1 0
github.com/opensearch-project/terraform-provider-opensearch/provider/migration_utils.go:69.29,71.3 1 0
github.com/opensearch-project/terraform-provider-opensearch/provider/migration_utils.go:72.2,73.16 2 0
github.com/opensearch-project/terraform-provider-opensearch/provider/migration_utils.go:73.16,75.3 1 0
github.com/opensearch-project/terraform-provider-opensearch/provider/migration_utils.go:76.2,76.27 1 0
github.com/opensearch-project/terraform-provider-opensearch/provider/migration_utils.go:80.58,81.13 1 0
github.com/opensearch-project/terraform-provider-opensearch/provider/migration_utils.go:81.13,83.3 1 0
github.com/opensearch-project/terraform-provider-opensearch/provider/migration_utils.go:84.2,86.16 3 0
github.com/opensearch-project/terraform-provider-opensearch/provider/migration_utils.go:86.16,88.3 1 0
github.com/opensearch-project/terraform-provider-opensearch/provider/migration_utils.go:89.2,89.15 1 0
github.com/opensearch-project/terraform-provider-opensearch/provider/migration_utils.go:93.56,94.17 1 0
github.com/opensearch-project/terraform-provider-opensearch/provider/migration_utils.go:94.17,96.3 1 0
github.com/opensearch-project/terraform-provider-opensearch/provider/migration_utils.go:98.2,99.16 2 0
github.com/opensearch-project/terraform-provider-opensearch/provider/migration_utils.go:99.16,101.3 1 0
github.com/opensearch-project/terraform-provider-opensearch/provider/migration_utils.go:102.2,102.40 1 0
github.com/opensearch-project/terraform-provider-opensearch/provider/migration_utils.go:107.93,110.35 2 0
github.com/opensearch-project/terraform-provider-opensearch/provider/migration_utils.go:110.35,112.19 2 0
github.com/opensearch-project/terraform-provider-opensearch/provider/migration_utils.go:112.19,114.4 1 0
github.com/opensearch-project/terraform-provider-opensearch/provider/migration_utils.go:116.3,116.28 1 0
github.com/opensearch-project/terraform-provider-opensearch/provider/migration_utils.go:117.31,120.31 2 0
github.com/opensearch-project/terraform-provider-opensearch/provider/migration_utils.go:120.31,122.5 1 0
github.com/opensearch-project/terraform-provider-opensearch/provider/migration_utils.go:123.11,124.22 1 0
github.com/opensearch-project/terraform-provider-opensearch/provider/migration_utils.go:128.2,128.15 1 0
github.com/opensearch-project/terraform-provider-opensearch/provider/migration_utils.go:132.80,135.35 2 0
github.com/opensearch-project/terraform-provider-opensearch/provider/migration_utils.go:135.35,139.30 3 0
github.com/opensearch-project/terraform-provider-opensearch/provider/migration_utils.go:139.30,140.25 1 0
github.com/opensearch-project/terraform-provider-opensearch/provider/migration_utils.go:140.25,143.5 1 0
github.com/opensearch-project/terraform-provider-opensearch/provider/migration_utils.go:143.10,145.44 1 0
github.com/opensearch-project/terraform-provider-opensearch/provider/migration_utils.go:145.44,147.6 1 0
github.com/opensearch-project/terraform-provider-opensearch/provider/migration_utils.go:148.5,148.53 1 0
github.com/opensearch-project/terraform-provider-opensearch/provider/migration_utils.go:153.2,153.15 1 0
github.com/opensearch-project/terraform-provider-opensearch/provider/migration_utils.go:157.82,158.31 1 0
github.com/opensearch-project/terraform-provider-opensearch/provider/migration_utils.go:158.31,159.41 1 0
github.com/opensearch-project/terraform-provider-opensearch/provider/migration_utils.go:159.41,161.4 1 0
github.com/opensearch-project/terraform-provider-opensearch/provider/migration_utils.go:163.2,163.21 1 0
github.com/opensearch-project/terraform-provider-opensearch/provider/migration_utils.go:167.83,168.37 1 0
github.com/opensearch-project/terraform-provider-opensearch/provider/migration_utils.go:168.37,169.28 1 0
github.com/opensearch-project/terraform-provider-opensearch/provider/migration_utils.go:169.28,171.4 1 0
github.com/opensearch-project/terraform-provider-opensearch/provider/migration_utils.go:173.2,173.21 1 0
github.com/opensearch-project/terraform-provider-opensearch/provider/migration_utils.go:178.46,181.16 3 0
github.com/opensearch-project/terraform-provider-opensearch/provider/migration_utils.go:181.16,183.3 1 0
github.com/opensearch-project/terraform-provider-opensearch/provider/migration_utils.go:185.2,186.16 2 0
github.com/opensearch-project/terraform-provider-opensearch/provider/migration_utils.go:186.16,188.3 1 0
github.com/opensearch-project/terraform-provider-opensearch/provider/migration_utils.go:190.2,190.27 1 0
github.com/opensearch-project/terraform-provider-opensearch/provider/migration_utils.go:194.43,195.12 1 0
github.com/opensearch-project/terraform-provider-opensearch/provider/migration_utils.go:195.12,197.3 1 0
github.com/opensearch-project/terraform-provider-opensearch/provider/migration_utils.go:199.2,200.16 2 0
github.com/opensearch-project/terraform-provider-opensearch/provider/migration_utils.go:200.16,202.3 1 0
github.com/opensearch-project/terraform-provider-opensearch/provider/migration_utils.go:204.2,205.16 2 0
github.com/opensearch-project/terraform-provider-opensearch/provider/migration_utils.go:205.16,207.3 1 0
github.com/opensearch-project/terraform-provider-opensearch/provider/migration_utils.go:209.2,209.40 1 0
github.com/opensearch-project/terraform-provider-opensearch/provider/migration_utils.go:214.41,215.16 1 0
github.com/opensearch-project/terraform-provider-opensearch/provider/migration_utils.go:215.16,217.3 1 0
github.com/opensearch-project/terraform-provider-opensearch/provider/migration_utils.go:219.2,233.43 3 0
github.com/opensearch-project/terraform-provider-opensearch/provider/migration_utils.go:233.43,234.40 1 0
github.com/opensearch-project/terraform-provider-opensearch/provider/migration_utils.go:234.40,236.4 1 0
github.com/opensearch-project/terraform-provider-opensearch/provider/migration_utils.go:239.2,239.10 1 0
github.com/opensearch-project/terraform-provider-opensearch/provider/provider.go:61.34,255.2 1 1
github.com/opensearch-project/terraform-provider-opensearch/provider/provider.go:257.101,262.16 4 1
github.com/opensearch-project/terraform-provider-opensearch/provider/provider.go:262.16,264.3 1 0
github.com/opensearch-project/terraform-provider-opensearch/provider/provider.go:266.2,267.16 2 1
github.com/opensearch-project/terraform-provider-opensearch/provider/provider.go:267.16,269.3 1 0
github.com/opensearch-project/terraform-provider-opensearch/provider/provider.go:271.2,271.38 1 1
github.com/opensearch-project/terraform-provider-opensearch/provider/provider.go:271.38,273.3 1 0
github.com/opensearch-project/terraform-provider-opensearch/provider/provider.go:275.2,303.20 2 1
github.com/opensearch-project/terraform-provider-opensearch/provider/provider.go:308.73,310.34 1 1
github.com/opensearch-project/terraform-provider-opensearch/provider/provider.go:310.34,312.3 1 1
github.com/opensearch-project/terraform-provider-opensearch/provider/provider.go:315.2,316.16 2 1
github.com/opensearch-project/terraform-provider-opensearch/provider/provider.go:316.16,318.3 1 0
github.com/opensearch-project/terraform-provider-opensearch/provider/provider.go:321.2,321.26 1 1
github.com/opensearch-project/terraform-provider-opensearch/provider/provider.go:321.26,328.17 5 1
github.com/opensearch-project/terraform-provider-opensearch/provider/provider.go:328.17,330.25 1 1
github.com/opensearch-project/terraform-provider-opensearch/provider/provider.go:330.25,332.5 1 0
github.com/opensearch-project/terraform-provider-opensearch/provider/provider.go:333.4,333.68 1 1
github.com/opensearch-project/terraform-provider-opensearch/provider/provider.go:336.3,340.36 3 1
github.com/opensearch-project/terraform-provider-opensearch/provider/provider.go:341.21,342.28 1 1
github.com/opensearch-project/terraform-provider-opensearch/provider/provider.go:343.11,344.25 1 0
github.com/opensearch-project/terraform-provider-opensearch/provider/provider.go:349.2,350.20 2 1
github.com/opensearch-project/terraform-provider-opensearch/provider/provider.go:355.83,356.44 1 1
github.com/opensearch-project/terraform-provider-opensearch/provider/provider.go:356.44,358.3 1 0
github.com/opensearch-project/terraform-provider-opensearch/provider/provider.go:359.2,359.33 1 1
github.com/opensearch-project/terraform-provider-opensearch/provider/provider.go:364.93,365.40 1 1
github.com/opensearch-project/terraform-provider-opensearch/provider/provider.go:365.40,367.3 1 1
github.com/opensearch-project/terraform-provider-opensearch/provider/provider.go:368.2,368.40 1 0
github.com/opensearch-project/terraform-provider-opensearch/provider/provider.go:368.40,370.3 1 0
github.com/opensearch-project/terraform-provider-opensearch/provider/provider.go:371.2,371.19 1 0
github.com/opensearch-project/terraform-provider-opensearch/provider/provider.go:376.86,377.37 1 1
github.com/opensearch-project/terraform-provider-opensearch/provider/provider.go:377.37,378.45 1 1
github.com/opensearch-project/terraform-provider-opensearch/provider/provider.go:378.45,380.4 1 0
github.com/opensearch-project/terraform-provider-opensearch/provider/provider.go:381.3,381.44 1 1
github.com/opensearch-project/terraform-provider-opensearch/provider/provider.go:381.44,383.4 1 0
github.com/opensearch-project/terraform-provider-opensearch/provider/provider.go:384.3,384.18 1 1
github.com/opensearch-project/terraform-provider-opensearch/provider/resource_opensearch_anomaly_detection.go:22.41,25.4 2 1
github.com/opensearch-project/terraform-provider-opensearch/provider/resource_opensearch_anomaly_detection.go:30.60,42.2 1 1
github.com/opensearch-project/terraform-provider-opensearch/provider/resource_opensearch_anomaly_detection.go:44.92,47.16 2 1
github.com/opensearch-project/terraform-provider-opensearch/provider/resource_opensearch_anomaly_detection.go:47.16,50.3 2 0
github.com/opensearch-project/terraform-provider-opensearch/provider/resource_opensearch_anomaly_detection.go:52.2,55.53 3 1
github.com/opensearch-project/terraform-provider-opensearch/provider/resource_opensearch_anomaly_detection.go:58.90,61.21 2 1
github.com/opensearch-project/terraform-provider-opensearch/provider/resource_opensearch_anomaly_detection.go:61.21,65.3 3 0
github.com/opensearch-project/terraform-provider-opensearch/provider/resource_opensearch_anomaly_detection.go:67.2,67.16 1 1
github.com/opensearch-project/terraform-provider-opensearch/provider/resource_opensearch_anomaly_detection.go:67.16,69.3 1 0
github.com/opensearch-project/terraform-provider-opensearch/provider/resource_opensearch_anomaly_detection.go:71.2,74.16 3 1
github.com/opensearch-project/terraform-provider-opensearch/provider/resource_opensearch_anomaly_detection.go:74.16,76.3 1 0
github.com/opensearch-project/terraform-provider-opensearch/provider/resource_opensearch_anomaly_detection.go:77.2,78.16 2 1
github.com/opensearch-project/terraform-provider-opensearch/provider/resource_opensearch_anomaly_detection.go:78.16,80.3 1 0
github.com/opensearch-project/terraform-provider-opensearch/provider/resource_opensearch_anomaly_detection.go:81.2,82.12 2 1
github.com/opensearch-project/terraform-provider-opensearch/provider/resource_opensearch_anomaly_detection.go:85.92,88.16 2 1
github.com/opensearch-project/terraform-provider-opensearch/provider/resource_opensearch_anomaly_detection.go:88.16,90.3 1 0
github.com/opensearch-project/terraform-provider-opensearch/provider/resource_opensearch_anomaly_detection.go:92.2,92.53 1 1
github.com/opensearch-project/terraform-provider-opensearch/provider/resource_opensearch_anomaly_detection.go:95.121,101.16 4 1
github.com/opensearch-project/terraform-provider-opensearch/provider/resource_opensearch_anomaly_detection.go:101.16,103.3 1 0
github.com/opensearch-project/terraform-provider-opensearch/provider/resource_opensearch_anomaly_detection.go:106.2,107.16 2 1
github.com/opensearch-project/terraform-provider-opensearch/provider/resource_opensearch_anomaly_detection.go:107.16,109.3 1 0
github.com/opensearch-project/terraform-provider-opensearch/provider/resource_opensearch_anomaly_detection.go:112.2,113.16 2 1
github.com/opensearch-project/terraform-provider-opensearch/provider/resource_opensearch_anomaly_detection.go:113.16,115.3 1 0
github.com/opensearch-project/terraform-provider-opensearch/provider/resource_opensearch_anomaly_detection.go:116.2,120.16 3 1
github.com/opensearch-project/terraform-provider-opensearch/provider/resource_opensearch_anomaly_detection.go:120.16,122.3 1 0
github.com/opensearch-project/terraform-provider-opensearch/provider/resource_opensearch_anomaly_detection.go:124.2,124.44 1 1
github.com/opensearch-project/terraform-provider-opensearch/provider/resource_opensearch_anomaly_detection.go:124.44,126.3 1 1
github.com/opensearch-project/terraform-provider-opensearch/provider/resource_opensearch_anomaly_detection.go:128.2,128.38 1 1
github.com/opensearch-project/terraform-provider-opensearch/provider/resource_opensearch_anomaly_detection.go:128.38,130.3 1 0
github.com/opensearch-project/terraform-provider-opensearch/provider/resource_opensearch_anomaly_detection.go:132.2,132.55 1 1
github.com/opensearch-project/terraform-provider-opensearch/provider/resource_opensearch_anomaly_detection.go:132.55,134.3 1 0
github.com/opensearch-project/terraform-provider-opensearch/provider/resource_opensearch_anomaly_detection.go:135.2,139.22 5 1
github.com/opensearch-project/terraform-provider-opensearch/provider/resource_opensearch_anomaly_detection.go:142.119,149.16 5 1
github.com/opensearch-project/terraform-provider-opensearch/provider/resource_opensearch_anomaly_detection.go:149.16,151.3 1 0
github.com/opensearch-project/terraform-provider-opensearch/provider/resource_opensearch_anomaly_detection.go:154.2,155.16 2 1
github.com/opensearch-project/terraform-provider-opensearch/provider/resource_opensearch_anomaly_detection.go:155.16,157.3 1 0
github.com/opensearch-project/terraform-provider-opensearch/provider/resource_opensearch_anomaly_detection.go:158.2,162.16 3 1
github.com/opensearch-project/terraform-provider-opensearch/provider/resource_opensearch_anomaly_detection.go:162.16,164.3 1 0
github.com/opensearch-project/terraform-provider-opensearch/provider/resource_opensearch_anomaly_detection.go:165.2,169.16 3 1
github.com/opensearch-project/terraform-provider-opensearch/provider/resource_opensearch_anomaly_detection.go:169.16,171.3 1 0
github.com/opensearch-project/terraform-provider-opensearch/provider/resource_opensearch_anomaly_detection.go:173.2,173.53 1 1
github.com/opensearch-project/terraform-provider-opensearch/provider/resource_opensearch_anomaly_detection.go:173.53,175.3 1 0
github.com/opensearch-project/terraform-provider-opensearch/provider/resource_opensearch_anomaly_detection.go:177.2,177.55 1 1
github.com/opensearch-project/terraform-provider-opensearch/provider/resource_opensearch_anomaly_detection.go:177.55,179.3 1 0
github.com/opensearch-project/terraform-provider-opensearch/provider/resource_opensearch_anomaly_detection.go:180.2,181.22 2 1
github.com/opensearch-project/terraform-provider-opensearch/provider/resource_opensearch_anomaly_detection.go:184.118,191.16 5 1
github.com/opensearch-project/terraform-provider-opensearch/provider/resource_opensearch_anomaly_detection.go:191.16,193.3 1 0
github.com/opensearch-project/terraform-provider-opensearch/provider/resource_opensearch_anomaly_detection.go:196.2,197.16 2 1
github.com/opensearch-project/terraform-provider-opensearch/provider/resource_opensearch_anomaly_detection.go:197.16,199.3 1 0
github.com/opensearch-project/terraform-provider-opensearch/provider/resource_opensearch_anomaly_detection.go:200.2,204.16 3 1
github.com/opensearch-project/terraform-provider-opensearch/provider/resource_opensearch_anomaly_detection.go:204.16,206.3 1 0
github.com/opensearch-project/terraform-provider-opensearch/provider/resource_opensearch_anomaly_detection.go:207.2,211.16 3 1
github.com/opensearch-project/terraform-provider-opensearch/provider/resource_opensearch_anomaly_detection.go:211.16,213.3 1 0
github.com/opensearch-project/terraform-provider-opensearch/provider/resource_opensearch_anomaly_detection.go:215.2,215.53 1 1
github.com/opensearch-project/terraform-provider-opensearch/provider/resource_opensearch_anomaly_detection.go:215.53,217.3 1 0
github.com/opensearch-project/terraform-provider-opensearch/provider/resource_opensearch_anomaly_detection.go:219.2,219.55 1 1
github.com/opensearch-project/terraform-provider-opensearch/provider/resource_opensearch_anomaly_detection.go:219.55,221.3 1 0
github.com/opensearch-project/terraform-provider-opensearch/provider/resource_opensearch_anomaly_detection.go:223.2,223.22 1 1
github.com/opensearch-project/terraform-provider-opensearch/provider/resource_opensearch_anomaly_detection.go:226.92,230.16 3 1
github.com/opensearch-project/terraform-provider-opensearch/provider/resource_opensearch_anomaly_detection.go:230.16,232.3 1 0
github.com/opensearch-project/terraform-provider-opensearch/provider/resource_opensearch_anomaly_detection.go:235.2,236.16 2 1
github.com/opensearch-project/terraform-provider-opensearch/provider/resource_opensearch_anomaly_detection.go:236.16,238.3 1 0
github.com/opensearch-project/terraform-provider-opensearch/provider/resource_opensearch_anomaly_detection.go:241.2,242.16 2 1
github.com/opensearch-project/terraform-provider-opensearch/provider/resource_opensearch_anomaly_detection.go:242.16,244.3 1 0
github.com/opensearch-project/terraform-provider-opensearch/provider/resource_opensearch_anomaly_detection.go:245.2,248.53 2 1
github.com/opensearch-project/terraform-provider-opensearch/provider/resource_opensearch_anomaly_detection.go:248.53,250.3 1 1
github.com/opensearch-project/terraform-provider-opensearch/provider/resource_opensearch_anomaly_detection.go:252.2,252.96 1 0
github.com/opensearch-project/terraform-provider-opensearch/provider/resource_opensearch_audit_config.go:176.55,187.2 1 1
github.com/opensearch-project/terraform-provider-opensearch/provider/resource_opensearch_audit_config.go:188.87,190.66 1 1
github.com/opensearch-project/terraform-provider-opensearch/provider/resource_opensearch_audit_config.go:190.66,192.3 1 0
github.com/opensearch-project/terraform-provider-opensearch/provider/resource_opensearch_audit_config.go:194.2,195.48 2 1
github.com/opensearch-project/terraform-provider-opensearch/provider/resource_opensearch_audit_config.go:198.85,201.16 2 1
github.com/opensearch-project/terraform-provider-opensearch/provider/resource_opensearch_audit_config.go:201.16,202.22 1 0
github.com/opensearch-project/terraform-provider-opensearch/provider/resource_opensearch_audit_config.go:202.22,206.4 3 0
github.com/opensearch-project/terraform-provider-opensearch/provider/resource_opensearch_audit_config.go:207.3,207.13 1 0
github.com/opensearch-project/terraform-provider-opensearch/provider/resource_opensearch_audit_config.go:210.2,211.16 2 1
github.com/opensearch-project/terraform-provider-opensearch/provider/resource_opensearch_audit_config.go:211.16,213.3 1 0
github.com/opensearch-project/terraform-provider-opensearch/provider/resource_opensearch_audit_config.go:215.2,216.16 2 1
github.com/opensearch-project/terraform-provider-opensearch/provider/resource_opensearch_audit_config.go:216.16,218.3 1 0
github.com/opensearch-project/terraform-provider-opensearch/provider/resource_opensearch_audit_config.go:220.2,221.16 2 1
github.com/opensearch-project/terraform-provider-opensearch/provider/resource_opensearch_audit_config.go:221.16,223.3 1 0
github.com/opensearch-project/terraform-provider-opensearch/provider/resource_opensearch_audit_config.go:225.2,225.12 1 1
github.com/opensearch-project/terraform-provider-opensearch/provider/resource_opensearch_audit_config.go:228.77,241.2 1 1
github.com/opensearch-project/terraform-provider-opensearch/provider/resource_opensearch_audit_config.go:243.84,246.42 2 1
github.com/opensearch-project/terraform-provider-opensearch/provider/resource_opensearch_audit_config.go:246.42,252.3 2 1
github.com/opensearch-project/terraform-provider-opensearch/provider/resource_opensearch_audit_config.go:253.2,253.15 1 1
github.com/opensearch-project/terraform-provider-opensearch/provider/resource_opensearch_audit_config.go:256.67,269.2 1 1
github.com/opensearch-project/terraform-provider-opensearch/provider/resource_opensearch_audit_config.go:271.87,273.66 1 1
github.com/opensearch-project/terraform-provider-opensearch/provider/resource_opensearch_audit_config.go:273.66,275.3 1 0
github.com/opensearch-project/terraform-provider-opensearch/provider/resource_opensearch_audit_config.go:277.2,277.48 1 1
github.com/opensearch-project/terraform-provider-opensearch/provider/resource_opensearch_audit_config.go:280.87,283.2 1 1
github.com/opensearch-project/terraform-provider-opensearch/provider/resource_opensearch_audit_config.go:285.86,289.16 3 1
github.com/opensearch-project/terraform-provider-opensearch/provider/resource_opensearch_audit_config.go:289.16,291.3 1 0
github.com/opensearch-project/terraform-provider-opensearch/provider/resource_opensearch_audit_config.go:294.2,295.16 2 1
github.com/opensearch-project/terraform-provider-opensearch/provider/resource_opensearch_audit_config.go:295.16,297.3 1 0
github.com/opensearch-project/terraform-provider-opensearch/provider/resource_opensearch_audit_config.go:300.2,301.16 2 1
github.com/opensearch-project/terraform-provider-opensearch/provider/resource_opensearch_audit_config.go:301.16,303.3 1 0
github.com/opensearch-project/terraform-provider-opensearch/provider/resource_opensearch_audit_config.go:304.2,308.16 3 1
github.com/opensearch-project/terraform-provider-opensearch/provider/resource_opensearch_audit_config.go:308.16,310.3 1 0
github.com/opensearch-project/terraform-provider-opensearch/provider/resource_opensearch_audit_config.go:312.2,312.44 1 1
github.com/opensearch-project/terraform-provider-opensearch/provider/resource_opensearch_audit_config.go:312.44,314.3 1 0
github.com/opensearch-project/terraform-provider-opensearch/provider/resource_opensearch_audit_config.go:316.2,316.38 1 1
github.com/opensearch-project/terraform-provider-opensearch/provider/resource_opensearch_audit_config.go:316.38,318.3 1 0
github.com/opensearch-project/terraform-provider-opensearch/provider/resource_opensearch_audit_config.go:320.2,320.53 1 1
github.com/opensearch-project/terraform-provider-opensearch/provider/resource_opensearch_audit_config.go:320.53,322.3 1 0
github.com/opensearch-project/terraform-provider-opensearch/provider/resource_opensearch_audit_config.go:323.2,324.20 2 1
github.com/opensearch-project/terraform-provider-opensearch/provider/resource_opensearch_audit_config.go:327.60,329.47 2 1
github.com/opensearch-project/terraform-provider-opensearch/provider/resource_opensearch_audit_config.go:329.47,337.3 1 0
github.com/opensearch-project/terraform-provider-opensearch/provider/resource_opensearch_audit_config.go:339.2,351.3 2 1
github.com/opensearch-project/terraform-provider-opensearch/provider/resource_opensearch_audit_config.go:354.70,356.48 2 1
github.com/opensearch-project/terraform-provider-opensearch/provider/resource_opensearch_audit_config.go:356.48,365.3 1 0
github.com/opensearch-project/terraform-provider-opensearch/provider/resource_opensearch_audit_config.go:367.2,380.3 2 1
github.com/opensearch-project/terraform-provider-opensearch/provider/resource_opensearch_audit_config.go:383.72,386.31 2 1
github.com/opensearch-project/terraform-provider-opensearch/provider/resource_opensearch_audit_config.go:386.31,390.28 4 1
github.com/opensearch-project/terraform-provider-opensearch/provider/resource_opensearch_audit_config.go:390.28,392.4 1 1
github.com/opensearch-project/terraform-provider-opensearch/provider/resource_opensearch_audit_config.go:394.2,394.15 1 1
github.com/opensearch-project/terraform-provider-opensearch/provider/resource_opensearch_audit_config.go:397.111,406.16 4 1
github.com/opensearch-project/terraform-provider-opensearch/provider/resource_opensearch_audit_config.go:406.16,408.3 1 0
github.com/opensearch-project/terraform-provider-opensearch/provider/resource_opensearch_audit_config.go:410.2,411.16 2 1
github.com/opensearch-project/terraform-provider-opensearch/provider/resource_opensearch_audit_config.go:411.16,413.3 1 0
github.com/opensearch-project/terraform-provider-opensearch/provider/resource_opensearch_audit_config.go:415.2,423.52 5 1
github.com/opensearch-project/terraform-provider-opensearch/provider/resource_opensearch_audit_config.go:423.52,424.18 1 1
github.com/opensearch-project/terraform-provider-opensearch/provider/resource_opensearch_audit_config.go:424.18,427.4 1 0
github.com/opensearch-project/terraform-provider-opensearch/provider/resource_opensearch_audit_config.go:430.3,431.17 2 1
github.com/opensearch-project/terraform-provider-opensearch/provider/resource_opensearch_audit_config.go:431.17,433.4 1 0
github.com/opensearch-project/terraform-provider-opensearch/provider/resource_opensearch_audit_config.go:434.3,437.17 3 1
github.com/opensearch-project/terraform-provider-opensearch/provider/resource_opensearch_audit_config.go:437.17,439.57 1 1
github.com/opensearch-project/terraform-provider-opensearch/provider/resource_opensearch_audit_config.go:439.57,440.10 1 1
github.com/opensearch-project/terraform-provider-opensearch/provider/resource_opensearch_audit_config.go:442.4,442.21 1 0
github.com/opensearch-project/terraform-provider-opensearch/provider/resource_opensearch_audit_config.go:446.2,446.16 1 1
github.com/opensearch-project/terraform-provider-opensearch/provider/resource_opensearch_audit_config.go:446.16,449.3 2 0
github.com/opensearch-project/terraform-provider-opensearch/provider/resource_opensearch_audit_config.go:450.2,454.16 3 1
github.com/opensearch-project/terraform-provider-opensearch/provider/resource_opensearch_audit_config.go:454.16,456.3 1 0
github.com/opensearch-project/terraform-provider-opensearch/provider/resource_opensearch_audit_config.go:459.2,459.53 1 1
github.com/opensearch-project/terraform-provider-opensearch/provider/resource_opensearch_audit_config.go:459.53,461.3 1 0
github.com/opensearch-project/terraform-provider-opensearch/provider/resource_opensearch_audit_config.go:463.2,463.55 1 1
github.com/opensearch-project/terraform-provider-opensearch/provider/resource_opensearch_audit_config.go:463.55,465.3 1 0
github.com/opensearch-project/terraform-provider-opensearch/provider/resource_opensearch_audit_config.go:467.2,467.22 1 1
github.com/opensearch-project/terraform-provider-opensearch/provider/resource_opensearch_channel_configuration.go:22.41,25.4 2 1
github.com/opensearch-project/terraform-provider-opensearch/provider/resource_opensearch_channel_configuration.go:30.64,42.2 1 1
github.com/opensearch-project/terraform-provider-opensearch/provider/resource_opensearch_channel_configuration.go:44.106,47.16 2 1
github.com/opensearch-project/terraform-provider-opensearch/provider/resource_opensearch_channel_configuration.go:47.16,50.3 2 0
github.com/opensearch-project/terraform-provider-opensearch/provider/resource_opensearch_channel_configuration.go:52.2,55.67 3 1
github.com/opensearch-project/terraform-provider-opensearch/provider/resource_opensearch_channel_configuration.go:58.104,61.21 2 1
github.com/opensearch-project/terraform-provider-opensearch/provider/resource_opensearch_channel_configuration.go:61.21,65.3 3 0
github.com/opensearch-project/terraform-provider-opensearch/provider/resource_opensearch_channel_configuration.go:67.2,67.16 1 1
github.com/opensearch-project/terraform-provider-opensearch/provider/resource_opensearch_channel_configuration.go:67.16,69.3 1 0
github.com/opensearch-project/terraform-provider-opensearch/provider/resource_opensearch_channel_configuration.go:71.2,71.45 1 1
github.com/opensearch-project/terraform-provider-opensearch/provider/resource_opensearch_channel_configuration.go:71.45,73.3 1 0
github.com/opensearch-project/terraform-provider-opensearch/provider/resource_opensearch_channel_configuration.go:78.2,81.16 3 1
github.com/opensearch-project/terraform-provider-opensearch/provider/resource_opensearch_channel_configuration.go:81.16,83.3 1 0
github.com/opensearch-project/terraform-provider-opensearch/provider/resource_opensearch_channel_configuration.go:84.2,85.16 2 1
github.com/opensearch-project/terraform-provider-opensearch/provider/resource_opensearch_channel_configuration.go:85.16,87.3 1 0
github.com/opensearch-project/terraform-provider-opensearch/provider/resource_opensearch_channel_configuration.go:88.2,89.12 2 1
github.com/opensearch-project/terraform-provider-opensearch/provider/resource_opensearch_channel_configuration.go:92.106,95.16 2 1
github.com/opensearch-project/terraform-provider-opensearch/provider/resource_opensearch_channel_configuration.go:95.16,97.3 1 0
github.com/opensearch-project/terraform-provider-opensearch/provider/resource_opensearch_channel_configuration.go:99.2,99.67 1 1
github.com/opensearch-project/terraform-provider-opensearch/provider/resource_opensearch_channel_configuration.go:102.106,106.16 3 1
github.com/opensearch-project/terraform-provider-opensearch/provider/resource_opensearch_channel_configuration.go:106.16,108.3 1 0
github.com/opensearch-project/terraform-provider-opensearch/provider/resource_opensearch_channel_configuration.go:111.2,112.16 2 1
github.com/opensearch-project/terraform-provider-opensearch/provider/resource_opensearch_channel_configuration.go:112.16,114.3 1 0
github.com/opensearch-project/terraform-provider-opensearch/provider/resource_opensearch_channel_configuration.go:117.2,118.16 2 1
github.com/opensearch-project/terraform-provider-opensearch/provider/resource_opensearch_channel_configuration.go:118.16,120.3 1 0
github.com/opensearch-project/terraform-provider-opensearch/provider/resource_opensearch_channel_configuration.go:121.2,124.53 2 1
github.com/opensearch-project/terraform-provider-opensearch/provider/resource_opensearch_channel_configuration.go:124.53,126.3 1 1
github.com/opensearch-project/terraform-provider-opensearch/provider/resource_opensearch_channel_configuration.go:128.2,128.101 1 0
github.com/opensearch-project/terraform-provider-opensearch/provider/resource_opensearch_channel_configuration.go:131.147,137.16 4 1
github.com/opensearch-project/terraform-provider-opensearch/provider/resource_opensearch_channel_configuration.go:137.16,139.3 1 0
github.com/opensearch-project/terraform-provider-opensearch/provider/resource_opensearch_channel_configuration.go:142.2,143.16 2 1
github.com/opensearch-project/terraform-provider-opensearch/provider/resource_opensearch_channel_configuration.go:143.16,145.3 1 0
github.com/opensearch-project/terraform-provider-opensearch/provider/resource_opensearch_channel_configuration.go:148.2,149.16 2 1
github.com/opensearch-project/terraform-provider-opensearch/provider/resource_opensearch_channel_configuration.go:149.16,151.3 1 0
github.com/opensearch-project/terraform-provider-opensearch/provider/resource_opensearch_channel_configuration.go:152.2,156.16 3 1
github.com/opensearch-project/terraform-provider-opensearch/provider/resource_opensearch_channel_configuration.go:156.16,158.3 1 0
github.com/opensearch-project/terraform-provider-opensearch/provider/resource_opensearch_channel_configuration.go:160.2,160.44 1 1
github.com/opensearch-project/terraform-provider-opensearch/provider/resource_opensearch_channel_configuration.go:160.44,162.3 1 1
github.com/opensearch-project/terraform-provider-opensearch/provider/resource_opensearch_channel_configuration.go:164.2,164.38 1 1
github.com/opensearch-project/terraform-provider-opensearch/provider/resource_opensearch_channel_configuration.go:164.38,166.3 1 0
github.com/opensearch-project/terraform-provider-opensearch/provider/resource_opensearch_channel_configuration.go:168.2,168.55 1 1
github.com/opensearch-project/terraform-provider-opensearch/provider/resource_opensearch_channel_configuration.go:168.55,170.3 1 0
github.com/opensearch-project/terraform-provider-opensearch/provider/resource_opensearch_channel_configuration.go:172.2,172.49 1 1
github.com/opensearch-project/terraform-provider-opensearch/provider/resource_opensearch_channel_configuration.go:172.49,174.3 1 1
github.com/opensearch-project/terraform-provider-opensearch/provider/resource_opensearch_channel_configuration.go:174.8,177.61 2 0
github.com/opensearch-project/terraform-provider-opensearch/provider/resource_opensearch_channel_configuration.go:177.61,178.68 1 0
github.com/opensearch-project/terraform-provider-opensearch/provider/resource_opensearch_channel_configuration.go:178.68,181.5 2 0
github.com/opensearch-project/terraform-provider-opensearch/provider/resource_opensearch_channel_configuration.go:185.2,185.22 1 1
github.com/opensearch-project/terraform-provider-opensearch/provider/resource_opensearch_channel_configuration.go:188.145,195.16 5 1
github.com/opensearch-project/terraform-provider-opensearch/provider/resource_opensearch_channel_configuration.go:195.16,197.3 1 0
github.com/opensearch-project/terraform-provider-opensearch/provider/resource_opensearch_channel_configuration.go:200.2,201.16 2 1
github.com/opensearch-project/terraform-provider-opensearch/provider/resource_opensearch_channel_configuration.go:201.16,203.3 1 0
github.com/opensearch-project/terraform-provider-opensearch/provider/resource_opensearch_channel_configuration.go:204.2,208.16 3 1
github.com/opensearch-project/terraform-provider-opensearch/provider/resource_opensearch_channel_configuration.go:208.16,210.3 1 0
github.com/opensearch-project/terraform-provider-opensearch/provider/resource_opensearch_channel_configuration.go:211.2,215.16 3 1
github.com/opensearch-project/terraform-provider-opensearch/provider/resource_opensearch_channel_configuration.go:215.16,217.3 1 0
github.com/opensearch-project/terraform-provider-opensearch/provider/resource_opensearch_channel_configuration.go:219.2,219.53 1 1
github.com/opensearch-project/terraform-provider-opensearch/provider/resource_opensearch_channel_configuration.go:219.53,221.3 1 0
github.com/opensearch-project/terraform-provider-opensearch/provider/resource_opensearch_channel_configuration.go:223.2,223.55 1 1
github.com/opensearch-project/terraform-provider-opensearch/provider/resource_opensearch_channel_configuration.go:223.55,225.3 1 0
github.com/opensearch-project/terraform-provider-opensearch/provider/resource_opensearch_channel_configuration.go:226.2,226.22 1 1
github.com/opensearch-project/terraform-provider-opensearch/provider/resource_opensearch_channel_configuration.go:229.144,236.16 5 1
github.com/opensearch-project/terraform-provider-opensearch/provider/resource_opensearch_channel_configuration.go:236.16,238.3 1 0
github.com/opensearch-project/terraform-provider-opensearch/provider/resource_opensearch_channel_configuration.go:241.2,242.16 2 1
github.com/opensearch-project/terraform-provider-opensearch/provider/resource_opensearch_channel_configuration.go:242.16,244.3 1 0
github.com/opensearch-project/terraform-provider-opensearch/provider/resource_opensearch_channel_configuration.go:245.2,249.16 3 1
github.com/opensearch-project/terraform-provider-opensearch/provider/resource_opensearch_channel_configuration.go:249.16,251.3 1 0
github.com/opensearch-project/terraform-provider-opensearch/provider/resource_opensearch_channel_configuration.go:252.2,256.16 3 1
github.com/opensearch-project/terraform-provider-opensearch/provider/resource_opensearch_channel_configuration.go:256.16,258.3 1 0
github.com/opensearch-project/terraform-provider-opensearch/provider/resource_opensearch_channel_configuration.go:260.2,260.53 1 1
github.com/opensearch-project/terraform-provider-opensearch/provider/resource_opensearch_channel_configuration.go:260.53,262.3 1 0
github.com/opensearch-project/terraform-provider-opensearch/provider/resource_opensearch_channel_configuration.go:264.2,264.55 1 1
github.com/opensearch-project/terraform-provider-opensearch/provider/resource_opensearch_channel_configuration.go:264.55,266.3 1 0
github.com/opensearch-project/terraform-provider-opensearch/provider/resource_opensearch_channel_configuration.go:268.2,268.22 1 1
github.com/opensearch-project/terraform-provider-opensearch/provider/resource_opensearch_cluster_settings.go:77.59,325.2 1 1
github.com/opensearch-project/terraform-provider-opensearch/provider/resource_opensearch_cluster_settings.go:327.94,329.16 2 1
github.com/opensearch-project/terraform-provider-opensearch/provider/resource_opensearch_cluster_settings.go:329.16,331.3 1 0
github.com/opensearch-project/terraform-provider-opensearch/provider/resource_opensearch_cluster_settings.go:332.2,333.55 2 1
github.com/opensearch-project/terraform-provider-opensearch/provider/resource_opensearch_cluster_settings.go:336.91,338.16 2 1
github.com/opensearch-project/terraform-provider-opensearch/provider/resource_opensearch_cluster_settings.go:338.16,340.3 1 0
github.com/opensearch-project/terraform-provider-opensearch/provider/resource_opensearch_cluster_settings.go:341.2,345.16 4 1
github.com/opensearch-project/terraform-provider-opensearch/provider/resource_opensearch_cluster_settings.go:345.16,347.3 1 0
github.com/opensearch-project/terraform-provider-opensearch/provider/resource_opensearch_cluster_settings.go:349.2,352.16 2 1
github.com/opensearch-project/terraform-provider-opensearch/provider/resource_opensearch_cluster_settings.go:352.16,354.3 1 0
github.com/opensearch-project/terraform-provider-opensearch/provider/resource_opensearch_cluster_settings.go:356.2,356.12 1 1
github.com/opensearch-project/terraform-provider-opensearch/provider/resource_opensearch_cluster_settings.go:359.92,361.16 2 1
github.com/opensearch-project/terraform-provider-opensearch/provider/resource_opensearch_cluster_settings.go:361.16,363.3 1 0
github.com/opensearch-project/terraform-provider-opensearch/provider/resource_opensearch_cluster_settings.go:365.2,365.92 1 1
github.com/opensearch-project/terraform-provider-opensearch/provider/resource_opensearch_cluster_settings.go:368.94,370.2 1 0
github.com/opensearch-project/terraform-provider-opensearch/provider/resource_opensearch_cluster_settings.go:372.94,373.46 1 1
github.com/opensearch-project/terraform-provider-opensearch/provider/resource_opensearch_cluster_settings.go:373.46,375.17 2 1
github.com/opensearch-project/terraform-provider-opensearch/provider/resource_opensearch_cluster_settings.go:375.17,377.4 1 0
github.com/opensearch-project/terraform-provider-opensearch/provider/resource_opensearch_cluster_settings.go:380.2,381.12 2 1
github.com/opensearch-project/terraform-provider-opensearch/provider/resource_opensearch_cluster_settings.go:384.93,388.16 3 1
github.com/opensearch-project/terraform-provider-opensearch/provider/resource_opensearch_cluster_settings.go:388.16,390.3 1 0
github.com/opensearch-project/terraform-provider-opensearch/provider/resource_opensearch_cluster_settings.go:393.2,399.16 3 1
github.com/opensearch-project/terraform-provider-opensearch/provider/resource_opensearch_cluster_settings.go:399.16,401.3 1 0
github.com/opensearch-project/terraform-provider-opensearch/provider/resource_opensearch_cluster_settings.go:404.2,405.16 2 1
github.com/opensearch-project/terraform-provider-opensearch/provider/resource_opensearch_cluster_settings.go:405.16,407.3 1 0
github.com/opensearch-project/terraform-provider-opensearch/provider/resource_opensearch_cluster_settings.go:410.2,414.20 2 1
github.com/opensearch-project/terraform-provider-opensearch/provider/resource_opensearch_cluster_settings.go:417.47,419.16 2 1
github.com/opensearch-project/terraform-provider-opensearch/provider/resource_opensearch_cluster_settings.go:419.16,421.3 1 0
github.com/opensearch-project/terraform-provider-opensearch/provider/resource_opensearch_cluster_settings.go:422.2,437.16 3 1
github.com/opensearch-project/terraform-provider-opensearch/provider/resource_opensearch_cluster_settings.go:437.16,439.3 1 0
github.com/opensearch-project/terraform-provider-opensearch/provider/resource_opensearch_cluster_settings.go:441.2,441.12 1 1
github.com/opensearch-project/terraform-provider-opensearch/provider/resource_opensearch_cluster_settings.go:444.85,446.45 2 1
github.com/opensearch-project/terraform-provider-opensearch/provider/resource_opensearch_cluster_settings.go:446.45,448.41 2 1
github.com/opensearch-project/terraform-provider-opensearch/provider/resource_opensearch_cluster_settings.go:448.41,449.30 1 1
github.com/opensearch-project/terraform-provider-opensearch/provider/resource_opensearch_cluster_settings.go:449.30,450.44 1 1
github.com/opensearch-project/terraform-provider-opensearch/provider/resource_opensearch_cluster_settings.go:450.44,452.6 1 1
github.com/opensearch-project/terraform-provider-opensearch/provider/resource_opensearch_cluster_settings.go:453.10,455.5 1 1
github.com/opensearch-project/terraform-provider-opensearch/provider/resource_opensearch_cluster_settings.go:458.2,458.17 1 1
github.com/opensearch-project/terraform-provider-opensearch/provider/resource_opensearch_cluster_settings.go:461.101,462.45 1 1
github.com/opensearch-project/terraform-provider-opensearch/provider/resource_opensearch_cluster_settings.go:462.45,464.10 2 1
github.com/opensearch-project/terraform-provider-opensearch/provider/resource_opensearch_cluster_settings.go:464.10,465.12 1 1
github.com/opensearch-project/terraform-provider-opensearch/provider/resource_opensearch_cluster_settings.go:468.3,469.29 2 1
github.com/opensearch-project/terraform-provider-opensearch/provider/resource_opensearch_cluster_settings.go:469.29,470.45 1 1
github.com/opensearch-project/terraform-provider-opensearch/provider/resource_opensearch_cluster_settings.go:470.45,471.51 1 1
github.com/opensearch-project/terraform-provider-opensearch/provider/resource_opensearch_cluster_settings.go:471.51,473.6 1 0
github.com/opensearch-project/terraform-provider-opensearch/provider/resource_opensearch_cluster_settings.go:475.9,477.93 2 1
github.com/opensearch-project/terraform-provider-opensearch/provider/resource_opensearch_cluster_settings.go:477.93,479.19 2 1
github.com/opensearch-project/terraform-provider-opensearch/provider/resource_opensearch_cluster_settings.go:479.19,481.6 1 0
github.com/opensearch-project/terraform-provider-opensearch/provider/resource_opensearch_cluster_settings.go:482.10,482.102 1 1
github.com/opensearch-project/terraform-provider-opensearch/provider/resource_opensearch_cluster_settings.go:482.102,484.19 2 0
github.com/opensearch-project/terraform-provider-opensearch/provider/resource_opensearch_cluster_settings.go:484.19,486.6 1 0
github.com/opensearch-project/terraform-provider-opensearch/provider/resource_opensearch_cluster_settings.go:487.10,487.101 1 1
github.com/opensearch-project/terraform-provider-opensearch/provider/resource_opensearch_cluster_settings.go:487.101,489.19 2 0
github.com/opensearch-project/terraform-provider-opensearch/provider/resource_opensearch_cluster_settings.go:489.19,491.6 1 0
github.com/opensearch-project/terraform-provider-opensearch/provider/resource_opensearch_cluster_settings.go:494.4,494.51 1 1
github.com/opensearch-project/terraform-provider-opensearch/provider/resource_opensearch_cluster_settings.go:494.51,496.5 1 0
github.com/opensearch-project/terraform-provider-opensearch/provider/resource_opensearch_cluster_settings.go:499.2,499.12 1 1
github.com/opensearch-project/terraform-provider-opensearch/provider/resource_opensearch_cluster_settings.go:502.41,504.2 1 1
github.com/opensearch-project/terraform-provider-opensearch/provider/resource_opensearch_cluster_settings.go:506.54,508.28 2 1
github.com/opensearch-project/terraform-provider-opensearch/provider/resource_opensearch_cluster_settings.go:508.28,509.35 1 1
github.com/opensearch-project/terraform-provider-opensearch/provider/resource_opensearch_cluster_settings.go:509.35,511.4 1 1
github.com/opensearch-project/terraform-provider-opensearch/provider/resource_opensearch_cluster_settings.go:513.2,513.14 1 1
github.com/opensearch-project/terraform-provider-opensearch/provider/resource_opensearch_component_template.go:14.61,40.2 1 1
github.com/opensearch-project/terraform-provider-opensearch/provider/resource_opensearch_component_template.go:42.96,44.16 2 1
github.com/opensearch-project/terraform-provider-opensearch/provider/resource_opensearch_component_template.go:44.16,46.3 1 0
github.com/opensearch-project/terraform-provider-opensearch/provider/resource_opensearch_component_template.go:47.2,48.12 2 1
github.com/opensearch-project/terraform-provider-opensearch/provider/resource_opensearch_component_template.go:51.94,58.16 5 1
github.com/opensearch-project/terraform-provider-opensearch/provider/resource_opensearch_component_template.go:58.16,60.3 1 0
github.com/opensearch-project/terraform-provider-opensearch/provider/resource_opensearch_component_template.go:62.2,63.16 2 1
github.com/opensearch-project/terraform-provider-opensearch/provider/resource_opensearch_component_template.go:63.16,64.22 1 0
github.com/opensearch-project/terraform-provider-opensearch/provider/resource_opensearch_component_template.go:64.22,68.4 3 0
github.com/opensearch-project/terraform-provider-opensearch/provider/resource_opensearch_component_template.go:70.3,70.13 1 0
github.com/opensearch-project/terraform-provider-opensearch/provider/resource_opensearch_component_template.go:73.2,76.15 4 1
github.com/opensearch-project/terraform-provider-opensearch/provider/resource_opensearch_component_template.go:79.80,83.16 2 1
github.com/opensearch-project/terraform-provider-opensearch/provider/resource_opensearch_component_template.go:83.16,85.3 1 0
github.com/opensearch-project/terraform-provider-opensearch/provider/resource_opensearch_component_template.go:89.2,89.38 1 1
github.com/opensearch-project/terraform-provider-opensearch/provider/resource_opensearch_component_template.go:89.38,91.3 1 0
github.com/opensearch-project/terraform-provider-opensearch/provider/resource_opensearch_component_template.go:93.2,95.16 3 1
github.com/opensearch-project/terraform-provider-opensearch/provider/resource_opensearch_component_template.go:95.16,97.3 1 0
github.com/opensearch-project/terraform-provider-opensearch/provider/resource_opensearch_component_template.go:98.2,98.24 1 1
github.com/opensearch-project/terraform-provider-opensearch/provider/resource_opensearch_component_template.go:101.96,103.2 1 1
github.com/opensearch-project/terraform-provider-opensearch/provider/resource_opensearch_component_template.go:105.96,110.16 4 1
github.com/opensearch-project/terraform-provider-opensearch/provider/resource_opensearch_component_template.go:110.16,112.3 1 0
github.com/opensearch-project/terraform-provider-opensearch/provider/resource_opensearch_component_template.go:114.2,118.16 2 1
github.com/opensearch-project/terraform-provider-opensearch/provider/resource_opensearch_component_template.go:118.16,120.3 1 0
github.com/opensearch-project/terraform-provider-opensearch/provider/resource_opensearch_component_template.go:121.2,122.12 2 1
github.com/opensearch-project/terraform-provider-opensearch/provider/resource_opensearch_component_template.go:125.106,131.16 5 1
github.com/opensearch-project/terraform-provider-opensearch/provider/resource_opensearch_component_template.go:131.16,133.3 1 0
github.com/opensearch-project/terraform-provider-opensearch/provider/resource_opensearch_component_template.go:135.2,140.12 2 1
github.com/opensearch-project/terraform-provider-opensearch/provider/resource_opensearch_composable_index_template.go:14.67,40.2 1 1
github.com/opensearch-project/terraform-provider-opensearch/provider/resource_opensearch_composable_index_template.go:42.102,44.16 2 1
github.com/opensearch-project/terraform-provider-opensearch/provider/resource_opensearch_composable_index_template.go:44.16,46.3 1 0
github.com/opensearch-project/terraform-provider-opensearch/provider/resource_opensearch_composable_index_template.go:47.2,48.12 2 1
github.com/opensearch-project/terraform-provider-opensearch/provider/resource_opensearch_composable_index_template.go:51.100,58.16 5 1
github.com/opensearch-project/terraform-provider-opensearch/provider/resource_opensearch_composable_index_template.go:58.16,60.3 1 0
github.com/opensearch-project/terraform-provider-opensearch/provider/resource_opensearch_composable_index_template.go:61.2,62.16 2 1
github.com/opensearch-project/terraform-provider-opensearch/provider/resource_opensearch_composable_index_template.go:62.16,63.22 1 0
github.com/opensearch-project/terraform-provider-opensearch/provider/resource_opensearch_composable_index_template.go:63.22,67.4 3 0
github.com/opensearch-project/terraform-provider-opensearch/provider/resource_opensearch_composable_index_template.go:69.3,69.13 1 0
github.com/opensearch-project/terraform-provider-opensearch/provider/resource_opensearch_composable_index_template.go:72.2,75.15 4 1
github.com/opensearch-project/terraform-provider-opensearch/provider/resource_opensearch_composable_index_template.go:78.76,83.16 3 1
github.com/opensearch-project/terraform-provider-opensearch/provider/resource_opensearch_composable_index_template.go:83.16,85.3 1 0
github.com/opensearch-project/terraform-provider-opensearch/provider/resource_opensearch_composable_index_template.go:89.2,89.34 1 1
github.com/opensearch-project/terraform-provider-opensearch/provider/resource_opensearch_composable_index_template.go:89.34,91.3 1 0
github.com/opensearch-project/terraform-provider-opensearch/provider/resource_opensearch_composable_index_template.go:93.2,95.16 3 1
github.com/opensearch-project/terraform-provider-opensearch/provider/resource_opensearch_composable_index_template.go:95.16,97.3 1 0
github.com/opensearch-project/terraform-provider-opensearch/provider/resource_opensearch_composable_index_template.go:100.2,101.52 2 1
github.com/opensearch-project/terraform-provider-opensearch/provider/resource_opensearch_composable_index_template.go:101.52,103.3 1 0
github.com/opensearch-project/terraform-provider-opensearch/provider/resource_opensearch_composable_index_template.go:106.2,109.71 2 1
github.com/opensearch-project/terraform-provider-opensearch/provider/resource_opensearch_composable_index_template.go:109.71,111.3 1 1
github.com/opensearch-project/terraform-provider-opensearch/provider/resource_opensearch_composable_index_template.go:114.2,114.89 1 1
github.com/opensearch-project/terraform-provider-opensearch/provider/resource_opensearch_composable_index_template.go:114.89,116.3 1 1
github.com/opensearch-project/terraform-provider-opensearch/provider/resource_opensearch_composable_index_template.go:117.2,117.34 1 1
github.com/opensearch-project/terraform-provider-opensearch/provider/resource_opensearch_composable_index_template.go:117.34,119.3 1 1
github.com/opensearch-project/terraform-provider-opensearch/provider/resource_opensearch_composable_index_template.go:122.2,122.74 1 1
github.com/opensearch-project/terraform-provider-opensearch/provider/resource_opensearch_composable_index_template.go:122.74,123.29 1 1
github.com/opensearch-project/terraform-provider-opensearch/provider/resource_opensearch_composable_index_template.go:123.29,124.21 1 1
github.com/opensearch-project/terraform-provider-opensearch/provider/resource_opensearch_composable_index_template.go:124.21,126.5 1 1
github.com/opensearch-project/terraform-provider-opensearch/provider/resource_opensearch_composable_index_template.go:129.3,129.27 1 1
github.com/opensearch-project/terraform-provider-opensearch/provider/resource_opensearch_composable_index_template.go:129.27,131.4 1 1
github.com/opensearch-project/terraform-provider-opensearch/provider/resource_opensearch_composable_index_template.go:135.2,135.69 1 1
github.com/opensearch-project/terraform-provider-opensearch/provider/resource_opensearch_composable_index_template.go:135.69,136.30 1 1
github.com/opensearch-project/terraform-provider-opensearch/provider/resource_opensearch_composable_index_template.go:136.30,137.16 1 1
github.com/opensearch-project/terraform-provider-opensearch/provider/resource_opensearch_composable_index_template.go:137.16,139.5 1 1
github.com/opensearch-project/terraform-provider-opensearch/provider/resource_opensearch_composable_index_template.go:142.3,142.25 1 1
github.com/opensearch-project/terraform-provider-opensearch/provider/resource_opensearch_composable_index_template.go:142.25,144.4 1 1
github.com/opensearch-project/terraform-provider-opensearch/provider/resource_opensearch_composable_index_template.go:148.2,149.16 2 1
github.com/opensearch-project/terraform-provider-opensearch/provider/resource_opensearch_composable_index_template.go:149.16,151.3 1 0
github.com/opensearch-project/terraform-provider-opensearch/provider/resource_opensearch_composable_index_template.go:153.2,153.24 1 1
github.com/opensearch-project/terraform-provider-opensearch/provider/resource_opensearch_composable_index_template.go:156.102,158.2 1 1
github.com/opensearch-project/terraform-provider-opensearch/provider/resource_opensearch_composable_index_template.go:160.102,165.16 4 1
github.com/opensearch-project/terraform-provider-opensearch/provider/resource_opensearch_composable_index_template.go:165.16,167.3 1 0
github.com/opensearch-project/terraform-provider-opensearch/provider/resource_opensearch_composable_index_template.go:169.2,173.16 2 1
github.com/opensearch-project/terraform-provider-opensearch/provider/resource_opensearch_composable_index_template.go:173.16,175.3 1 0
github.com/opensearch-project/terraform-provider-opensearch/provider/resource_opensearch_composable_index_template.go:176.2,177.12 2 1
github.com/opensearch-project/terraform-provider-opensearch/provider/resource_opensearch_composable_index_template.go:180.112,186.16 5 1
github.com/opensearch-project/terraform-provider-opensearch/provider/resource_opensearch_composable_index_template.go:186.16,188.3 1 0
github.com/opensearch-project/terraform-provider-opensearch/provider/resource_opensearch_composable_index_template.go:190.2,195.12 2 1
github.com/opensearch-project/terraform-provider-opensearch/provider/resource_opensearch_dashboard_object.go:22.59,32.63 1 1
github.com/opensearch-project/terraform-provider-opensearch/provider/resource_opensearch_dashboard_object.go:32.63,34.19 2 1
github.com/opensearch-project/terraform-provider-opensearch/provider/resource_opensearch_dashboard_object.go:34.19,36.6 1 1
github.com/opensearch-project/terraform-provider-opensearch/provider/resource_opensearch_dashboard_object.go:37.5,38.19 2 1
github.com/opensearch-project/terraform-provider-opensearch/provider/resource_opensearch_dashboard_object.go:38.19,40.6 1 0
github.com/opensearch-project/terraform-provider-opensearch/provider/resource_opensearch_dashboard_object.go:41.5,41.69 1 1
github.com/opensearch-project/terraform-provider-opensearch/provider/resource_opensearch_dashboard_object.go:47.85,49.13 2 1
github.com/opensearch-project/terraform-provider-opensearch/provider/resource_opensearch_dashboard_object.go:49.13,52.7 2 0
github.com/opensearch-project/terraform-provider-opensearch/provider/resource_opensearch_dashboard_object.go:54.6,54.64 1 1
github.com/opensearch-project/terraform-provider-opensearch/provider/resource_opensearch_dashboard_object.go:54.64,57.7 2 0
github.com/opensearch-project/terraform-provider-opensearch/provider/resource_opensearch_dashboard_object.go:59.6,60.61 2 1
github.com/opensearch-project/terraform-provider-opensearch/provider/resource_opensearch_dashboard_object.go:60.61,63.7 2 1
github.com/opensearch-project/terraform-provider-opensearch/provider/resource_opensearch_dashboard_object.go:65.6,65.29 1 1
github.com/opensearch-project/terraform-provider-opensearch/provider/resource_opensearch_dashboard_object.go:65.29,67.14 2 1
github.com/opensearch-project/terraform-provider-opensearch/provider/resource_opensearch_dashboard_object.go:67.14,69.16 2 0
github.com/opensearch-project/terraform-provider-opensearch/provider/resource_opensearch_dashboard_object.go:72.7,72.52 1 1
github.com/opensearch-project/terraform-provider-opensearch/provider/resource_opensearch_dashboard_object.go:72.52,73.37 1 1
github.com/opensearch-project/terraform-provider-opensearch/provider/resource_opensearch_dashboard_object.go:73.37,75.9 1 0
github.com/opensearch-project/terraform-provider-opensearch/provider/resource_opensearch_dashboard_object.go:78.6,78.29 1 1
github.com/opensearch-project/terraform-provider-opensearch/provider/resource_opensearch_dashboard_object.go:80.43,83.6 2 1
github.com/opensearch-project/terraform-provider-opensearch/provider/resource_opensearch_dashboard_object.go:106.94,109.16 2 1
github.com/opensearch-project/terraform-provider-opensearch/provider/resource_opensearch_dashboard_object.go:109.16,111.3 1 0
github.com/opensearch-project/terraform-provider-opensearch/provider/resource_opensearch_dashboard_object.go:112.2,113.16 2 1
github.com/opensearch-project/terraform-provider-opensearch/provider/resource_opensearch_dashboard_object.go:113.16,115.3 1 0
github.com/opensearch-project/terraform-provider-opensearch/provider/resource_opensearch_dashboard_object.go:118.2,118.76 1 1
github.com/opensearch-project/terraform-provider-opensearch/provider/resource_opensearch_dashboard_object.go:118.76,120.3 1 0
github.com/opensearch-project/terraform-provider-opensearch/provider/resource_opensearch_dashboard_object.go:121.2,122.16 2 1
github.com/opensearch-project/terraform-provider-opensearch/provider/resource_opensearch_dashboard_object.go:122.16,124.3 1 0
github.com/opensearch-project/terraform-provider-opensearch/provider/resource_opensearch_dashboard_object.go:127.2,128.55 2 1
[...]
github.com/opensearch-project/terraform-provider-opensearch/provider/resource_opensearch_user.go:290.2,290.55 1 1
github.com/opensearch-project/terraform-provider-opensearch/provider/resource_opensearch_user.go:290.55,292.3 1 0
github.com/opensearch-project/terraform-provider-opensearch/provider/resource_opensearch_user.go:294.2,294.22 1 1
github.com/opensearch-project/terraform-provider-opensearch/provider/util.go:19.64,27.62 4 1
github.com/opensearch-project/terraform-provider-opensearch/provider/util.go:27.62,29.68 1 1
github.com/opensearch-project/terraform-provider-opensearch/provider/util.go:29.68,31.56 1 1
github.com/opensearch-project/terraform-provider-opensearch/provider/util.go:31.56,32.90 1 1
github.com/opensearch-project/terraform-provider-opensearch/provider/util.go:32.90,34.6 1 1
github.com/opensearch-project/terraform-provider-opensearch/provider/util.go:37.4,37.63 1 1
github.com/opensearch-project/terraform-provider-opensearch/provider/util.go:37.63,39.5 1 1
github.com/opensearch-project/terraform-provider-opensearch/provider/util.go:44.51,46.53 1 1
github.com/opensearch-project/terraform-provider-opensearch/provider/util.go:46.53,48.3 1 1
github.com/opensearch-project/terraform-provider-opensearch/provider/util.go:50.2,50.57 1 1
github.com/opensearch-project/terraform-provider-opensearch/provider/util.go:50.57,52.3 1 1
github.com/opensearch-project/terraform-provider-opensearch/provider/util.go:55.2,63.56 7 1
github.com/opensearch-project/terraform-provider-opensearch/provider/util.go:66.55,67.29 1 1
github.com/opensearch-project/terraform-provider-opensearch/provider/util.go:67.29,68.52 1 0
github.com/opensearch-project/terraform-provider-opensearch/provider/util.go:68.52,71.61 2 0
github.com/opensearch-project/terraform-provider-opensearch/provider/util.go:71.61,73.5 1 0
github.com/opensearch-project/terraform-provider-opensearch/provider/util.go:78.60,79.28 1 0
github.com/opensearch-project/terraform-provider-opensearch/provider/util.go:79.28,82.3 2 0
github.com/opensearch-project/terraform-provider-opensearch/provider/util.go:85.50,90.49 5 1
github.com/opensearch-project/terraform-provider-opensearch/provider/util.go:90.49,91.26 1 1
github.com/opensearch-project/terraform-provider-opensearch/provider/util.go:91.26,93.4 1 1
github.com/opensearch-project/terraform-provider-opensearch/provider/util.go:95.3,95.43 1 1
github.com/opensearch-project/terraform-provider-opensearch/provider/util.go:96.31,97.42 1 0
github.com/opensearch-project/terraform-provider-opensearch/provider/util.go:98.22,99.32 1 1
github.com/opensearch-project/terraform-provider-opensearch/provider/util.go:99.32,100.55 1 1
github.com/opensearch-project/terraform-provider-opensearch/provider/util.go:100.55,102.6 1 1
github.com/opensearch-project/terraform-provider-opensearch/provider/util.go:104.11,105.71 1 1
github.com/opensearch-project/terraform-provider-opensearch/provider/util.go:109.2,109.53 1 1
github.com/opensearch-project/terraform-provider-opensearch/provider/util.go:109.53,110.28 1 1
github.com/opensearch-project/terraform-provider-opensearch/provider/util.go:110.28,111.51 1 1
github.com/opensearch-project/terraform-provider-opensearch/provider/util.go:111.51,113.5 1 1
github.com/opensearch-project/terraform-provider-opensearch/provider/util.go:117.2,117.61 1 1
github.com/opensearch-project/terraform-provider-opensearch/provider/util.go:117.61,118.32 1 1
github.com/opensearch-project/terraform-provider-opensearch/provider/util.go:118.32,120.4 1 1
github.com/opensearch-project/terraform-provider-opensearch/provider/util.go:124.57,127.35 2 1
github.com/opensearch-project/terraform-provider-opensearch/provider/util.go:127.35,128.59 1 1
github.com/opensearch-project/terraform-provider-opensearch/provider/util.go:128.59,130.4 1 1
github.com/opensearch-project/terraform-provider-opensearch/provider/util.go:133.2,133.41 1 1
github.com/opensearch-project/terraform-provider-opensearch/provider/util.go:133.41,134.63 1 1
github.com/opensearch-project/terraform-provider-opensearch/provider/util.go:134.63,135.29 1 1
github.com/opensearch-project/terraform-provider-opensearch/provider/util.go:135.29,137.5 1 1
github.com/opensearch-project/terraform-provider-opensearch/provider/util.go:137.10,139.5 1 0
github.com/opensearch-project/terraform-provider-opensearch/provider/util.go:140.9,142.4 1 0
github.com/opensearch-project/terraform-provider-opensearch/provider/util.go:145.2,145.41 1 1
github.com/opensearch-project/terraform-provider-opensearch/provider/util.go:145.41,146.88 1 1
github.com/opensearch-project/terraform-provider-opensearch/provider/util.go:146.88,148.4 1 0
github.com/opensearch-project/terraform-provider-opensearch/provider/util.go:151.2,151.39 1 1
github.com/opensearch-project/terraform-provider-opensearch/provider/util.go:151.39,152.85 1 1
github.com/opensearch-project/terraform-provider-opensearch/provider/util.go:152.85,154.4 1 0
github.com/opensearch-project/terraform-provider-opensearch/provider/util.go:157.2,157.66 1 1
github.com/opensearch-project/terraform-provider-opensearch/provider/util.go:157.66,158.47 1 0
github.com/opensearch-project/terraform-provider-opensearch/provider/util.go:158.47,159.64 1 0
github.com/opensearch-project/terraform-provider-opensearch/provider/util.go:159.64,161.5 1 0
github.com/opensearch-project/terraform-provider-opensearch/provider/util.go:170.67,175.71 2 1
github.com/opensearch-project/terraform-provider-opensearch/provider/util.go:175.71,176.29 1 1
github.com/opensearch-project/terraform-provider-opensearch/provider/util.go:176.29,177.21 1 0
github.com/opensearch-project/terraform-provider-opensearch/provider/util.go:177.21,179.5 1 0
github.com/opensearch-project/terraform-provider-opensearch/provider/util.go:183.2,183.41 1 1
github.com/opensearch-project/terraform-provider-opensearch/provider/util.go:183.41,184.63 1 1
github.com/opensearch-project/terraform-provider-opensearch/provider/util.go:184.63,185.51 1 1
github.com/opensearch-project/terraform-provider-opensearch/provider/util.go:185.51,186.65 1 1
github.com/opensearch-project/terraform-provider-opensearch/provider/util.go:186.65,188.6 1 1
github.com/opensearch-project/terraform-provider-opensearch/provider/util.go:194.61,196.41 2 1
github.com/opensearch-project/terraform-provider-opensearch/provider/util.go:196.41,197.63 1 1
github.com/opensearch-project/terraform-provider-opensearch/provider/util.go:197.63,198.51 1 1
github.com/opensearch-project/terraform-provider-opensearch/provider/util.go:198.51,199.65 1 1
github.com/opensearch-project/terraform-provider-opensearch/provider/util.go:199.65,201.6 1 1
github.com/opensearch-project/terraform-provider-opensearch/provider/util.go:207.86,209.22 2 1
github.com/opensearch-project/terraform-provider-opensearch/provider/util.go:209.22,211.38 2 1
github.com/opensearch-project/terraform-provider-opensearch/provider/util.go:211.38,214.4 2 1
github.com/opensearch-project/terraform-provider-opensearch/provider/util.go:217.2,217.10 1 1
github.com/opensearch-project/terraform-provider-opensearch/provider/util.go:220.54,222.57 1 1
github.com/opensearch-project/terraform-provider-opensearch/provider/util.go:222.57,223.29 1 1
github.com/opensearch-project/terraform-provider-opensearch/provider/util.go:223.29,224.52 1 1
github.com/opensearch-project/terraform-provider-opensearch/provider/util.go:224.52,226.66 1 1
github.com/opensearch-project/terraform-provider-opensearch/provider/util.go:226.66,229.77 2 1
github.com/opensearch-project/terraform-provider-opensearch/provider/util.go:229.77,231.7 1 0
github.com/opensearch-project/terraform-provider-opensearch/provider/util.go:232.6,232.93 1 1
github.com/opensearch-project/terraform-provider-opensearch/provider/util.go:232.93,234.7 1 0
github.com/opensearch-project/terraform-provider-opensearch/provider/util.go:235.6,235.78 1 1
github.com/opensearch-project/terraform-provider-opensearch/provider/util.go:235.78,237.7 1 0
github.com/opensearch-project/terraform-provider-opensearch/provider/util.go:238.6,238.19 1 1
github.com/opensearch-project/terraform-provider-opensearch/provider/util.go:238.19,240.7 1 1
github.com/opensearch-project/terraform-provider-opensearch/provider/util.go:243.5,243.72 1 1
github.com/opensearch-project/terraform-provider-opensearch/provider/util.go:243.72,245.6 1 1
github.com/opensearch-project/terraform-provider-opensearch/provider/util.go:247.5,247.38 1 1
github.com/opensearch-project/terraform-provider-opensearch/provider/util.go:247.39,249.6 0 1
github.com/opensearch-project/terraform-provider-opensearch/provider/util.go:255.60,261.73 4 1
github.com/opensearch-project/terraform-provider-opensearch/provider/util.go:261.73,263.3 1 1
github.com/opensearch-project/terraform-provider-opensearch/provider/util.go:266.2,275.67 8 1
github.com/opensearch-project/terraform-provider-opensearch/provider/util.go:275.67,276.30 1 1
github.com/opensearch-project/terraform-provider-opensearch/provider/util.go:276.30,277.53 1 1
github.com/opensearch-project/terraform-provider-opensearch/provider/util.go:277.53,279.5 1 1
github.com/opensearch-project/terraform-provider-opensearch/provider/util.go:284.66,286.22 2 1
github.com/opensearch-project/terraform-provider-opensearch/provider/util.go:286.22,287.47 1 1
github.com/opensearch-project/terraform-provider-opensearch/provider/util.go:287.47,289.27 2 1
github.com/opensearch-project/terraform-provider-opensearch/provider/util.go:289.27,291.5 1 1
github.com/opensearch-project/terraform-provider-opensearch/provider/util.go:292.9,294.4 1 1
github.com/opensearch-project/terraform-provider-opensearch/provider/util.go:297.2,297.10 1 1
github.com/opensearch-project/terraform-provider-opensearch/provider/util.go:300.51,302.29 2 1
github.com/opensearch-project/terraform-provider-opensearch/provider/util.go:302.29,304.3 1 1
github.com/opensearch-project/terraform-provider-opensearch/provider/util.go:305.2,305.15 1 1
github.com/opensearch-project/terraform-provider-opensearch/provider/util.go:308.48,309.22 1 1
github.com/opensearch-project/terraform-provider-opensearch/provider/util.go:309.22,310.13 1 1
github.com/opensearch-project/terraform-provider-opensearch/provider/util.go:310.13,312.4 1 1
github.com/opensearch-project/terraform-provider-opensearch/provider/util.go:314.2,314.14 1 1
github.com/opensearch-project/terraform-provider-opensearch/provider/util.go:317.53,319.66 2 1
github.com/opensearch-project/terraform-provider-opensearch/provider/util.go:319.66,321.3 1 1
github.com/opensearch-project/terraform-provider-opensearch/provider/util.go:322.2,322.66 1 1
github.com/opensearch-project/terraform-provider-opensearch/provider/util.go:322.66,324.3 1 0
github.com/opensearch-project/terraform-provider-opensearch/provider/util.go:325.2,325.54 1 1
github.com/opensearch-project/terraform-provider-opensearch/provider/util.go:330.62,332.35 2 1
github.com/opensearch-project/terraform-provider-opensearch/provider/util.go:332.35,334.22 2 1
github.com/opensearch-project/terraform-provider-opensearch/provider/util.go:334.22,336.4 1 1
github.com/opensearch-project/terraform-provider-opensearch/provider/util.go:338.2,338.11 1 1
github.com/opensearch-project/terraform-provider-opensearch/provider/util.go:341.53,343.25 2 1
github.com/opensearch-project/terraform-provider-opensearch/provider/util.go:343.25,345.3 1 1
github.com/opensearch-project/terraform-provider-opensearch/provider/util.go:346.2,346.11 1 1
github.com/opensearch-project/terraform-provider-opensearch/provider/util.go:349.50,351.2 1 1
github.com/opensearch-project/terraform-provider-opensearch/provider/util.go:353.66,355.2 1 1
github.com/opensearch-project/terraform-provider-opensearch/provider/util.go:362.66,363.19 1 1
github.com/opensearch-project/terraform-provider-opensearch/provider/util.go:363.19,365.3 1 0
github.com/opensearch-project/terraform-provider-opensearch/provider/util.go:366.2,366.31 1 1
github.com/opensearch-project/terraform-provider-opensearch/provider/util.go:369.111,371.41 2 1
github.com/opensearch-project/terraform-provider-opensearch/provider/util.go:371.41,374.40 2 1
github.com/opensearch-project/terraform-provider-opensearch/provider/util.go:374.40,376.4 1 1
github.com/opensearch-project/terraform-provider-opensearch/provider/util.go:377.3,377.48 1 1
github.com/opensearch-project/terraform-provider-opensearch/provider/util.go:377.48,379.4 1 0
github.com/opensearch-project/terraform-provider-opensearch/provider/util.go:381.3,381.45 1 1
github.com/opensearch-project/terraform-provider-opensearch/provider/util.go:381.45,383.4 1 1
github.com/opensearch-project/terraform-provider-opensearch/provider/util.go:385.3,385.39 1 1
github.com/opensearch-project/terraform-provider-opensearch/provider/util.go:385.39,387.4 1 0
github.com/opensearch-project/terraform-provider-opensearch/provider/util.go:388.3,388.41 1 1
github.com/opensearch-project/terraform-provider-opensearch/provider/util.go:388.41,390.4 1 1
github.com/opensearch-project/terraform-provider-opensearch/provider/util.go:392.3,392.29 1 1
github.com/opensearch-project/terraform-provider-opensearch/provider/util.go:395.2,395.15 1 1
github.com/opensearch-project/terraform-provider-opensearch/provider/util.go:398.90,400.38 2 1
github.com/opensearch-project/terraform-provider-opensearch/provider/util.go:400.38,402.10 2 1
github.com/opensearch-project/terraform-provider-opensearch/provider/util.go:402.10,404.4 1 0
github.com/opensearch-project/terraform-provider-opensearch/provider/util.go:406.3,416.29 4 1
github.com/opensearch-project/terraform-provider-opensearch/provider/util.go:418.2,418.19 1 1
github.com/opensearch-project/terraform-provider-opensearch/provider/util.go:421.89,423.41 2 1
github.com/opensearch-project/terraform-provider-opensearch/provider/util.go:423.41,426.41 2 1
github.com/opensearch-project/terraform-provider-opensearch/provider/util.go:426.41,428.4 1 1
github.com/opensearch-project/terraform-provider-opensearch/provider/util.go:429.3,429.41 1 1
github.com/opensearch-project/terraform-provider-opensearch/provider/util.go:429.41,431.4 1 1
github.com/opensearch-project/terraform-provider-opensearch/provider/util.go:433.3,433.29 1 1
github.com/opensearch-project/terraform-provider-opensearch/provider/util.go:436.2,436.15 1 1
github.com/opensearch-project/terraform-provider-opensearch/provider/util.go:439.92,441.38 2 1
github.com/opensearch-project/terraform-provider-opensearch/provider/util.go:441.38,443.10 2 1
github.com/opensearch-project/terraform-provider-opensearch/provider/util.go:443.10,445.4 1 0
github.com/opensearch-project/terraform-provider-opensearch/provider/util.go:446.3,450.29 2 1
github.com/opensearch-project/terraform-provider-opensearch/provider/util.go:452.2,452.19 1 1
github.com/opensearch-project/terraform-provider-opensearch/provider/util.go:455.43,457.2 1 1
github.com/opensearch-project/terraform-provider-opensearch/provider/util.go:459.46,465.38 3 1
github.com/opensearch-project/terraform-provider-opensearch/provider/util.go:465.38,468.26 3 1
github.com/opensearch-project/terraform-provider-opensearch/provider/util.go:468.26,470.4 1 1
github.com/opensearch-project/terraform-provider-opensearch/provider/util.go:471.3,473.23 2 1
github.com/opensearch-project/terraform-provider-opensearch/provider/util.go:473.23,475.4 1 1
github.com/opensearch-project/terraform-provider-opensearch/provider/util.go:478.2,478.47 1 1
github.com/opensearch-project/terraform-provider-opensearch/provider/util.go:478.47,480.3 1 1
github.com/opensearch-project/terraform-provider-opensearch/provider/util.go:482.2,482.27 1 1
github.com/opensearch-project/terraform-provider-opensearch/provider/util.go:482.27,485.26 3 0
github.com/opensearch-project/terraform-provider-opensearch/provider/util.go:485.26,487.4 1 0
github.com/opensearch-project/terraform-provider-opensearch/provider/util.go:488.3,490.23 2 0
github.com/opensearch-project/terraform-provider-opensearch/provider/util.go:490.23,492.4 1 0
github.com/opensearch-project/terraform-provider-opensearch/provider/util.go:495.2,495.44 1 1
github.com/opensearch-project/terraform-provider-opensearch/provider/util.go:495.44,498.26 3 1
github.com/opensearch-project/terraform-provider-opensearch/provider/util.go:498.26,500.4 1 1
github.com/opensearch-project/terraform-provider-opensearch/provider/util.go:501.3,503.23 2 1
github.com/opensearch-project/terraform-provider-opensearch/provider/util.go:503.23,505.4 1 1
github.com/opensearch-project/terraform-provider-opensearch/provider/util.go:507.2,507.37 1 1
github.com/opensearch-project/terraform-provider-opensearch/provider/util.go:507.37,510.26 3 1
github.com/opensearch-project/terraform-provider-opensearch/provider/util.go:510.26,512.4 1 0
github.com/opensearch-project/terraform-provider-opensearch/provider/util.go:513.3,515.23 2 1
github.com/opensearch-project/terraform-provider-opensearch/provider/util.go:515.23,517.4 1 0
github.com/opensearch-project/terraform-provider-opensearch/provider/util.go:519.2,519.39 1 1
github.com/opensearch-project/terraform-provider-opensearch/provider/util.go:519.39,522.26 3 1
github.com/opensearch-project/terraform-provider-opensearch/provider/util.go:522.26,524.4 1 1
github.com/opensearch-project/terraform-provider-opensearch/provider/util.go:525.3,527.23 2 1
github.com/opensearch-project/terraform-provider-opensearch/provider/util.go:527.23,529.4 1 1
github.com/opensearch-project/terraform-provider-opensearch/provider/util.go:532.2,532.31 1 1
github.com/opensearch-project/terraform-provider-opensearch/provider/util.go:535.47,541.39 3 1
github.com/opensearch-project/terraform-provider-opensearch/provider/util.go:541.39,544.26 3 1
github.com/opensearch-project/terraform-provider-opensearch/provider/util.go:544.26,546.4 1 1
github.com/opensearch-project/terraform-provider-opensearch/provider/util.go:547.3,549.23 2 1
github.com/opensearch-project/terraform-provider-opensearch/provider/util.go:549.23,551.4 1 1
github.com/opensearch-project/terraform-provider-opensearch/provider/util.go:553.2,553.39 1 1
github.com/opensearch-project/terraform-provider-opensearch/provider/util.go:553.39,556.26 3 1
github.com/opensearch-project/terraform-provider-opensearch/provider/util.go:556.26,558.4 1 1
github.com/opensearch-project/terraform-provider-opensearch/provider/util.go:559.3,561.23 2 1
github.com/opensearch-project/terraform-provider-opensearch/provider/util.go:561.23,563.4 1 1
github.com/opensearch-project/terraform-provider-opensearch/provider/util.go:566.2,566.31 1 1
github.com/opensearch-project/terraform-provider-opensearch/provider/util.go:574.29,576.12 2 1
github.com/opensearch-project/terraform-provider-opensearch/provider/util.go:576.12,578.3 1 1
github.com/opensearch-project/terraform-provider-opensearch/provider/util.go:579.2,579.13 1 0
github.com/opensearch-project/terraform-provider-opensearch/provider/util.go:579.13,581.3 1 0
github.com/opensearch-project/terraform-provider-opensearch/provider/util.go:583.2,583.10 1 0
github.com/opensearch-project/terraform-provider-opensearch/provider/util.go:592.58,593.19 1 0
github.com/opensearch-project/terraform-provider-opensearch/provider/util.go:593.19,595.3 1 0
github.com/opensearch-project/terraform-provider-opensearch/provider/util.go:597.2,598.20 2 0
github.com/opensearch-project/terraform-provider-opensearch/provider/util.go:598.20,601.17 3 0
github.com/opensearch-project/terraform-provider-opensearch/provider/util.go:601.17,603.4 1 0
github.com/opensearch-project/terraform-provider-opensearch/provider/util.go:606.2,606.41 1 0
github.com/opensearch-project/terraform-provider-opensearch/provider/util.go:606.41,608.17 2 0
github.com/opensearch-project/terraform-provider-opensearch/provider/util.go:608.17,610.4 1 0
github.com/opensearch-project/terraform-provider-opensearch/provider/util.go:611.3,611.37 1 0
github.com/opensearch-project/terraform-provider-opensearch/provider/util.go:614.2,614.24 1 0
